[35m[1mConsolidate compiler generated dependencies of target position_controller[0m
[35m[1mConsolidate compiler generated dependencies of target qc_servo[0m
[ 11%] Built target attitude_controller
[ 23%] Built target trajectory_generator
[ 29%] [32mBuilding CXX object CMakeFiles/wrench_mapper.dir/node/wrench_mapper.cpp.o[0m
[ 35%] [32mBuilding CXX object CMakeFiles/keyboard_node.dir/node/keyboard_node.cpp.o[0m
[ 41%] [32mBuilding CXX object CMakeFiles/position_controller.dir/node/position_controller.cpp.o[0m
[ 52%] Built target platform_topic_tool
[ 64%] Built target gripper_controller
[ 76%] Built target qc_servo
[01m[K/home/lee/workspace/ros2_ex/src/ground/node/keyboard_node.cpp:[m[K In function â€˜[01m[Kint main(int, char**)[m[Kâ€™:
[01m[K/home/lee/workspace/ros2_ex/src/ground/node/keyboard_node.cpp:98:9:[m[K [01;35m[Kwarning: [m[Kvariable â€˜[01m[Kc_prev[m[Kâ€™ set but not used [[01;35m[K]8;;https://gcc.gnu.org/onlinedocs/gcc/Warning-Options.html#index-Wunused-but-set-variable-Wunused-but-set-variable]8;;[m[K]
   98 |     int [01;35m[Kc_prev[m[K = EOF;
      |         [01;35m[K^~~~~~[m[K
[01m[K/home/lee/workspace/ros2_ex/src/ground/node/wrench_mapper.cpp:[m[K In constructor â€˜[01m[KWrenchMapper::WrenchMapper()[m[Kâ€™:
[01m[K/home/lee/workspace/ros2_ex/src/ground/node/wrench_mapper.cpp:69:15:[m[K [01;31m[Kerror: [m[Kâ€˜[01m[Kclass Eigen::JacobiSVD<Eigen::Matrix<double, -1, -1>, 2>[m[Kâ€™ has no member named â€˜[01m[Kpinv[m[Kâ€™
   69 |     ArT = svd.[01;31m[Kpinv[m[K();
      |               [01;31m[K^~~~[m[K
gmake[2]: *** [CMakeFiles/wrench_mapper.dir/build.make:76: CMakeFiles/wrench_mapper.dir/node/wrench_mapper.cpp.o] Error 1
gmake[1]: *** [CMakeFiles/Makefile2:307: CMakeFiles/wrench_mapper.dir/all] Error 2
gmake[1]: *** Waiting for unfinished jobs....
[ 82%] [32m[1mLinking CXX executable keyboard_node[0m
[ 88%] Built target keyboard_node
[ 94%] [32m[1mLinking CXX executable position_controller[0m
[ 94%] Built target position_controller
gmake: *** [Makefile:146: all] Error 2
