WARNING: Package name "MAV" does not follow the naming conventions. It should start with a lower case letter and only contain lower case letters, digits, underscores, and dashes.
[01m[K/home/lee/workspace/ros2_ex/src/MAV/node/mav1.cpp:[m[K In member function â€˜[01m[Kvoid MAVControl_Node::T_cmd_calculate()[m[Kâ€™:
[01m[K/home/lee/workspace/ros2_ex/src/MAV/node/mav1.cpp:151:47:[m[K [01;31m[Kerror: [m[Kâ€˜[01m[KrotationMatrix_mav_des_w2i[m[Kâ€™ was not declared in this scope; did you mean â€˜[01m[KrotationMatrix_mav_des_i2w[m[Kâ€™?
  151 |         Eigen::Vector3d eulerAngles_mav_des = [01;31m[KrotationMatrix_mav_des_w2i[m[K.eulerAngles(2, 1, 0);
      |                                               [01;31m[K^~~~~~~~~~~~~~~~~~~~~~~~~~[m[K
      |                                               [32m[KrotationMatrix_mav_des_i2w[m[K
[01m[K/home/lee/workspace/ros2_ex/src/MAV/node/mav1.cpp:153:44:[m[K [01;31m[Kerror: [m[Kexpected initializer before â€˜[01m[Kquaternion[m[Kâ€™
  153 |         Eigen::Quaterniond mav_pose_desire [01;31m[Kquaternion[m[K(rotationMatrix_mav_des_i2w);
      |                                            [01;31m[K^~~~~~~~~~[m[K
[01m[K/home/lee/workspace/ros2_ex/src/MAV/node/mav1.cpp:155:9:[m[K [01;31m[Kerror: [m[Kâ€˜[01m[Kmav_pose_desire[m[Kâ€™ was not declared in this scope; did you mean â€˜[01m[Kmav_pose_sub_[m[Kâ€™?
  155 |         [01;31m[Kmav_pose_desire[m[K.normalize();
      |         [01;31m[K^~~~~~~~~~~~~~~[m[K
      |         [32m[Kmav_pose_sub_[m[K
gmake[2]: *** [CMakeFiles/mav1.dir/build.make:76: CMakeFiles/mav1.dir/node/mav1.cpp.o] Error 1
gmake[1]: *** [CMakeFiles/Makefile2:143: CMakeFiles/mav1.dir/all] Error 2
gmake: *** [Makefile:146: all] Error 2
