-- Found ament_cmake: 1.3.11 (/opt/ros/humble/share/ament_cmake/cmake)
-- Override CMake install command with custom implementation using symlinks instead of copying resources
-- Found rclcpp: 16.0.12 (/opt/ros/humble/share/rclcpp/cmake)
-- Found rosidl_generator_c: 3.1.6 (/opt/ros/humble/share/rosidl_generator_c/cmake)
-- Found rosidl_adapter: 3.1.6 (/opt/ros/humble/share/rosidl_adapter/cmake)
-- Found rosidl_generator_cpp: 3.1.6 (/opt/ros/humble/share/rosidl_generator_cpp/cmake)
-- Using all available rosidl_typesupport_c: rosidl_typesupport_fastrtps_c;rosidl_typesupport_introspection_c
-- Using all available rosidl_typesupport_cpp: rosidl_typesupport_fastrtps_cpp;rosidl_typesupport_introspection_cpp
-- Found rmw_implementation_cmake: 6.1.2 (/opt/ros/humble/share/rmw_implementation_cmake/cmake)
-- Found rmw_fastrtps_cpp: 6.2.7 (/opt/ros/humble/share/rmw_fastrtps_cpp/cmake)
-- Using RMW implementation 'rmw_fastrtps_cpp' as default
-- Found geometry_msgs: 4.9.0 (/opt/ros/humble/share/geometry_msgs/cmake)
-- Found nav_msgs: 4.9.0 (/opt/ros/humble/share/nav_msgs/cmake)
-- Found tf2: 0.25.13 (/opt/ros/humble/share/tf2/cmake)
-- Found tf2_ros: 0.25.13 (/opt/ros/humble/share/tf2_ros/cmake)
-- Found px4_msgs: 2.0.1 (/home/lee/workspace/ros2_ex/install/px4_msgs/share/px4_msgs/cmake)
-- Found ament_lint_auto: 0.12.12 (/opt/ros/humble/share/ament_lint_auto/cmake)
WARNING: Package name "MAV" does not follow the naming conventions. It should start with a lower case letter and only contain lower case letters, digits, underscores, and dashes.
-- Added test 'cppcheck' to perform static code analysis on C / C++ code
-- Configured cppcheck include dirs: /home/lee/workspace/ros2_ex/src/MAV/include
-- Configured cppcheck exclude dirs and/or files: 
-- Added test 'flake8' to check Python code syntax and style conventions
-- Added test 'lint_cmake' to check CMake code style
-- Added test 'pep257' to check Python code against some of the docstring style conventions in PEP 257
-- Added test 'uncrustify' to check C / C++ code style
-- Configured uncrustify additional arguments: 
-- Added test 'xmllint' to check XML markup files
-- Configuring done
-- Generating done
-- Build files have been written to: /home/lee/workspace/ros2_ex/build/MAV
[35m[1mConsolidate compiler generated dependencies of target mav4[0m
[35m[1mConsolidate compiler generated dependencies of target mav2[0m
[35m[1mConsolidate compiler generated dependencies of target mav1[0m
[35m[1mConsolidate compiler generated dependencies of target mav3[0m
[ 25%] Built target mav4
[ 75%] Built target mav2
[ 75%] Built target mav3
[ 87%] [32mBuilding CXX object CMakeFiles/mav1.dir/node/mav1.cpp.o[0m
[01m[K/home/lee/workspace/ros2_ex/src/MAV/node/mav1.cpp:[m[K In member function â€˜[01m[Kvoid MAVControl_Node::T_cmd_calculate()[m[Kâ€™:
[01m[K/home/lee/workspace/ros2_ex/src/MAV/node/mav1.cpp:151:47:[m[K [01;31m[Kerror: [m[Kâ€˜[01m[KrotationMatrix_mav_des_w2i[m[Kâ€™ was not declared in this scope; did you mean â€˜[01m[KrotationMatrix_mav_des_i2w[m[Kâ€™?
  151 |         Eigen::Vector3d eulerAngles_mav_des = [01;31m[KrotationMatrix_mav_des_w2i[m[K.eulerAngles(2, 1, 0);
      |                                               [01;31m[K^~~~~~~~~~~~~~~~~~~~~~~~~~[m[K
      |                                               [32m[KrotationMatrix_mav_des_i2w[m[K
[01m[K/home/lee/workspace/ros2_ex/src/MAV/node/mav1.cpp:153:44:[m[K [01;31m[Kerror: [m[Kexpected initializer before â€˜[01m[Kquaternion[m[Kâ€™
  153 |         Eigen::Quaterniond mav_pose_desire [01;31m[Kquaternion[m[K(rotationMatrix_mav_des_i2w);
      |                                            [01;31m[K^~~~~~~~~~[m[K
[01m[K/home/lee/workspace/ros2_ex/src/MAV/node/mav1.cpp:155:9:[m[K [01;31m[Kerror: [m[Kâ€˜[01m[Kmav_pose_desire[m[Kâ€™ was not declared in this scope; did you mean â€˜[01m[Kmav_pose_sub_[m[Kâ€™?
  155 |         [01;31m[Kmav_pose_desire[m[K.normalize();
      |         [01;31m[K^~~~~~~~~~~~~~~[m[K
      |         [32m[Kmav_pose_sub_[m[K
gmake[2]: *** [CMakeFiles/mav1.dir/build.make:76: CMakeFiles/mav1.dir/node/mav1.cpp.o] Error 1
gmake[1]: *** [CMakeFiles/Makefile2:143: CMakeFiles/mav1.dir/all] Error 2
gmake: *** [Makefile:146: all] Error 2
