[0.000s] Invoking command in '/home/lee/workspace/ros2_ex/build/MAV': CMAKE_PREFIX_PATH=/home/lee/workspace/ros2_ex/install/px4_msgs:/home/lee/workspace/ros2_ex/install/sensor:/home/lee/workspace/ros2_ex/install/ground:/home/lee/workspace/ros2_ex/install/MAV4:/home/lee/workspace/ros2_ex/install/MAV3:/home/lee/workspace/ros2_ex/install/MAV2:/home/lee/workspace/ros2_ex/install/MAV1:/home/lee/workspace/ros2_ex/install/MAV:/home/lee/workspace/vrpn/vrpn_optitrack/install/vrpn_mocap:/opt/ros/humble /usr/bin/cmake --build /home/lee/workspace/ros2_ex/build/MAV -- -j32 -l32
[0.001s] -- Found ament_cmake: 1.3.11 (/opt/ros/humble/share/ament_cmake/cmake)
[0.031s] -- Override CMake install command with custom implementation using symlinks instead of copying resources
[0.043s] -- Found rclcpp: 16.0.12 (/opt/ros/humble/share/rclcpp/cmake)
[0.071s] -- Found rosidl_generator_c: 3.1.6 (/opt/ros/humble/share/rosidl_generator_c/cmake)
[0.073s] -- Found rosidl_adapter: 3.1.6 (/opt/ros/humble/share/rosidl_adapter/cmake)
[0.078s] -- Found rosidl_generator_cpp: 3.1.6 (/opt/ros/humble/share/rosidl_generator_cpp/cmake)
[0.085s] -- Using all available rosidl_typesupport_c: rosidl_typesupport_fastrtps_c;rosidl_typesupport_introspection_c
[0.093s] -- Using all available rosidl_typesupport_cpp: rosidl_typesupport_fastrtps_cpp;rosidl_typesupport_introspection_cpp
[0.120s] -- Found rmw_implementation_cmake: 6.1.2 (/opt/ros/humble/share/rmw_implementation_cmake/cmake)
[0.122s] -- Found rmw_fastrtps_cpp: 6.2.7 (/opt/ros/humble/share/rmw_fastrtps_cpp/cmake)
[0.183s] -- Using RMW implementation 'rmw_fastrtps_cpp' as default
[0.224s] -- Found geometry_msgs: 4.9.0 (/opt/ros/humble/share/geometry_msgs/cmake)
[0.235s] -- Found nav_msgs: 4.9.0 (/opt/ros/humble/share/nav_msgs/cmake)
[0.246s] -- Found tf2: 0.25.13 (/opt/ros/humble/share/tf2/cmake)
[0.249s] -- Found tf2_ros: 0.25.13 (/opt/ros/humble/share/tf2_ros/cmake)
[0.305s] -- Found px4_msgs: 2.0.1 (/home/lee/workspace/ros2_ex/install/px4_msgs/share/px4_msgs/cmake)
[0.314s] -- Found ament_lint_auto: 0.12.12 (/opt/ros/humble/share/ament_lint_auto/cmake)
[0.343s] WARNING: Package name "MAV" does not follow the naming conventions. It should start with a lower case letter and only contain lower case letters, digits, underscores, and dashes.
[0.537s] -- Added test 'cppcheck' to perform static code analysis on C / C++ code
[0.537s] -- Configured cppcheck include dirs: /home/lee/workspace/ros2_ex/src/MAV/include
[0.537s] -- Configured cppcheck exclude dirs and/or files: 
[0.561s] -- Added test 'flake8' to check Python code syntax and style conventions
[0.603s] -- Added test 'lint_cmake' to check CMake code style
[0.625s] -- Added test 'pep257' to check Python code against some of the docstring style conventions in PEP 257
[0.799s] -- Added test 'uncrustify' to check C / C++ code style
[0.799s] -- Configured uncrustify additional arguments: 
[0.821s] -- Added test 'xmllint' to check XML markup files
[0.823s] -- Configuring done
[0.832s] -- Generating done
[0.835s] -- Build files have been written to: /home/lee/workspace/ros2_ex/build/MAV
[0.853s] [35m[1mConsolidate compiler generated dependencies of target mav4[0m
[0.853s] [35m[1mConsolidate compiler generated dependencies of target mav2[0m
[0.853s] [35m[1mConsolidate compiler generated dependencies of target mav1[0m
[0.853s] [35m[1mConsolidate compiler generated dependencies of target mav3[0m
[0.863s] [ 25%] Built target mav4
[0.866s] [ 75%] Built target mav2
[0.866s] [ 75%] Built target mav3
[0.866s] [ 87%] [32mBuilding CXX object CMakeFiles/mav1.dir/node/mav1.cpp.o[0m
[2.348s] [01m[K/home/lee/workspace/ros2_ex/src/MAV/node/mav1.cpp:[m[K In member function â€˜[01m[Kvoid MAVControl_Node::T_cmd_calculate()[m[Kâ€™:
[2.348s] [01m[K/home/lee/workspace/ros2_ex/src/MAV/node/mav1.cpp:151:47:[m[K [01;31m[Kerror: [m[Kâ€˜[01m[KrotationMatrix_mav_des_w2i[m[Kâ€™ was not declared in this scope; did you mean â€˜[01m[KrotationMatrix_mav_des_i2w[m[Kâ€™?
[2.348s]   151 |         Eigen::Vector3d eulerAngles_mav_des = [01;31m[KrotationMatrix_mav_des_w2i[m[K.eulerAngles(2, 1, 0);
[2.348s]       |                                               [01;31m[K^~~~~~~~~~~~~~~~~~~~~~~~~~[m[K
[2.348s]       |                                               [32m[KrotationMatrix_mav_des_i2w[m[K
[2.348s] [01m[K/home/lee/workspace/ros2_ex/src/MAV/node/mav1.cpp:153:44:[m[K [01;31m[Kerror: [m[Kexpected initializer before â€˜[01m[Kquaternion[m[Kâ€™
[2.348s]   153 |         Eigen::Quaterniond mav_pose_desire [01;31m[Kquaternion[m[K(rotationMatrix_mav_des_i2w);
[2.348s]       |                                            [01;31m[K^~~~~~~~~~[m[K
[2.352s] [01m[K/home/lee/workspace/ros2_ex/src/MAV/node/mav1.cpp:155:9:[m[K [01;31m[Kerror: [m[Kâ€˜[01m[Kmav_pose_desire[m[Kâ€™ was not declared in this scope; did you mean â€˜[01m[Kmav_pose_sub_[m[Kâ€™?
[2.352s]   155 |         [01;31m[Kmav_pose_desire[m[K.normalize();
[2.352s]       |         [01;31m[K^~~~~~~~~~~~~~~[m[K
[2.352s]       |         [32m[Kmav_pose_sub_[m[K
[4.422s] gmake[2]: *** [CMakeFiles/mav1.dir/build.make:76: CMakeFiles/mav1.dir/node/mav1.cpp.o] Error 1
[4.422s] gmake[1]: *** [CMakeFiles/Makefile2:143: CMakeFiles/mav1.dir/all] Error 2
[4.422s] gmake: *** [Makefile:146: all] Error 2
[4.424s] Invoked command in '/home/lee/workspace/ros2_ex/build/MAV' returned '2': CMAKE_PREFIX_PATH=/home/lee/workspace/ros2_ex/install/px4_msgs:/home/lee/workspace/ros2_ex/install/sensor:/home/lee/workspace/ros2_ex/install/ground:/home/lee/workspace/ros2_ex/install/MAV4:/home/lee/workspace/ros2_ex/install/MAV3:/home/lee/workspace/ros2_ex/install/MAV2:/home/lee/workspace/ros2_ex/install/MAV1:/home/lee/workspace/ros2_ex/install/MAV:/home/lee/workspace/vrpn/vrpn_optitrack/install/vrpn_mocap:/opt/ros/humble /usr/bin/cmake --build /home/lee/workspace/ros2_ex/build/MAV -- -j32 -l32
