-- Found ament_cmake: 1.3.11 (/opt/ros/humble/share/ament_cmake/cmake)
-- Override CMake install command with custom implementation using symlinks instead of copying resources
-- Found rclcpp: 16.0.12 (/opt/ros/humble/share/rclcpp/cmake)
-- Found rosidl_generator_c: 3.1.6 (/opt/ros/humble/share/rosidl_generator_c/cmake)
-- Found rosidl_adapter: 3.1.6 (/opt/ros/humble/share/rosidl_adapter/cmake)
-- Found rosidl_generator_cpp: 3.1.6 (/opt/ros/humble/share/rosidl_generator_cpp/cmake)
-- Using all available rosidl_typesupport_c: rosidl_typesupport_fastrtps_c;rosidl_typesupport_introspection_c
-- Using all available rosidl_typesupport_cpp: rosidl_typesupport_fastrtps_cpp;rosidl_typesupport_introspection_cpp
-- Found rmw_implementation_cmake: 6.1.2 (/opt/ros/humble/share/rmw_implementation_cmake/cmake)
-- Found rmw_fastrtps_cpp: 6.2.7 (/opt/ros/humble/share/rmw_fastrtps_cpp/cmake)
-- Using RMW implementation 'rmw_fastrtps_cpp' as default
-- Found geometry_msgs: 4.8.0 (/opt/ros/humble/share/geometry_msgs/cmake)
-- Found nav_msgs: 4.8.0 (/opt/ros/humble/share/nav_msgs/cmake)
-- Found tf2: 0.25.12 (/opt/ros/humble/share/tf2/cmake)
-- Found tf2_ros: 0.25.12 (/opt/ros/humble/share/tf2_ros/cmake)
-- Found px4_msgs: 2.0.1 (/home/lee/workspace/ros2_ex/src/MAV/MAV1/install/px4_msgs/share/px4_msgs/cmake)
-- Found ament_lint_auto: 0.12.12 (/opt/ros/humble/share/ament_lint_auto/cmake)
WARNING: Package name "MAV1" does not follow the naming conventions. It should start with a lower case letter and only contain lower case letters, digits, underscores, and dashes.
-- Added test 'cppcheck' to perform static code analysis on C / C++ code
-- Configured cppcheck include dirs: /home/lee/workspace/ros2_ex/src/MAV/MAV1/include;/home/lee/workspace/ros2_ex/src/MAV/MAV1/install/px4_msgs/include/px4_msgs
-- Configured cppcheck exclude dirs and/or files: 
-- Added test 'flake8' to check Python code syntax and style conventions
-- Added test 'lint_cmake' to check CMake code style
-- Added test 'pep257' to check Python code against some of the docstring style conventions in PEP 257
-- Added test 'uncrustify' to check C / C++ code style
-- Configured uncrustify additional arguments: 
-- Added test 'xmllint' to check XML markup files
-- Configuring done
-- Generating done
-- Build files have been written to: /home/lee/workspace/ros2_ex/src/MAV/MAV1/build/MAV1
[ 50%] [32mBuilding CXX object CMakeFiles/MAV1.dir/node/main.cpp.o[0m
[01m[K/home/lee/workspace/ros2_ex/src/MAV/MAV1/node/main.cpp:[m[K In member function â€˜[01m[Kvoid MAVControl_Node::set_offboard_mode()[m[Kâ€™:
[01m[K/home/lee/workspace/ros2_ex/src/MAV/MAV1/node/main.cpp:193:18:[m[K [01;31m[Kerror: [m[Kâ€˜[01m[Kusing element_type = struct px4_msgs::srv::VehicleCommand_Request_<std::allocator<void> >[m[Kâ€™ {aka â€˜[01m[Kstruct px4_msgs::srv::VehicleCommand_Request_<std::allocator<void> >[m[Kâ€™} has no member named â€˜[01m[Kcommand[m[Kâ€™
  193 |         request->[01;31m[Kcommand[m[K = px4_msgs::msg::VehicleCommand::VEHICLE_CMD_DO_SET_MODE;
      |                  [01;31m[K^~~~~~~[m[K
[01m[K/home/lee/workspace/ros2_ex/src/MAV/MAV1/node/main.cpp:194:18:[m[K [01;31m[Kerror: [m[Kâ€˜[01m[Kusing element_type = struct px4_msgs::srv::VehicleCommand_Request_<std::allocator<void> >[m[Kâ€™ {aka â€˜[01m[Kstruct px4_msgs::srv::VehicleCommand_Request_<std::allocator<void> >[m[Kâ€™} has no member named â€˜[01m[Kparam1[m[Kâ€™
  194 |         request->[01;31m[Kparam1[m[K = 1; // Custom mode
      |                  [01;31m[K^~~~~~[m[K
[01m[K/home/lee/workspace/ros2_ex/src/MAV/MAV1/node/main.cpp:195:18:[m[K [01;31m[Kerror: [m[Kâ€˜[01m[Kusing element_type = struct px4_msgs::srv::VehicleCommand_Request_<std::allocator<void> >[m[Kâ€™ {aka â€˜[01m[Kstruct px4_msgs::srv::VehicleCommand_Request_<std::allocator<void> >[m[Kâ€™} has no member named â€˜[01m[Kparam2[m[Kâ€™
  195 |         request->[01;31m[Kparam2[m[K = 6; // OFFBOARD mode
      |                  [01;31m[K^~~~~~[m[K
[01m[K/home/lee/workspace/ros2_ex/src/MAV/MAV1/node/main.cpp:196:18:[m[K [01;31m[Kerror: [m[Kâ€˜[01m[Kusing element_type = struct px4_msgs::srv::VehicleCommand_Request_<std::allocator<void> >[m[Kâ€™ {aka â€˜[01m[Kstruct px4_msgs::srv::VehicleCommand_Request_<std::allocator<void> >[m[Kâ€™} has no member named â€˜[01m[Ktimestamp[m[Kâ€™
  196 |         request->[01;31m[Ktimestamp[m[K = this->get_clock()->now().nanoseconds() / 1000;
      |                  [01;31m[K^~~~~~~~~[m[K
[01m[K/home/lee/workspace/ros2_ex/src/MAV/MAV1/node/main.cpp:207:27:[m[K [01;31m[Kerror: [m[Kâ€˜[01m[Kusing element_type = struct px4_msgs::srv::VehicleCommand_Response_<std::allocator<void> >[m[Kâ€™ {aka â€˜[01m[Kstruct px4_msgs::srv::VehicleCommand_Response_<std::allocator<void> >[m[Kâ€™} has no member named â€˜[01m[Ksuccess[m[Kâ€™
  207 |         if (result.get()->[01;31m[Ksuccess[m[K) {
      |                           [01;31m[K^~~~~~~[m[K
[01m[K/home/lee/workspace/ros2_ex/src/MAV/MAV1/node/main.cpp:[m[K In member function â€˜[01m[Kvoid MAVControl_Node::arm_vehicle()[m[Kâ€™:
[01m[K/home/lee/workspace/ros2_ex/src/MAV/MAV1/node/main.cpp:216:18:[m[K [01;31m[Kerror: [m[Kâ€˜[01m[Kusing element_type = struct px4_msgs::srv::VehicleCommand_Request_<std::allocator<void> >[m[Kâ€™ {aka â€˜[01m[Kstruct px4_msgs::srv::VehicleCommand_Request_<std::allocator<void> >[m[Kâ€™} has no member named â€˜[01m[Kcommand[m[Kâ€™
  216 |         request->[01;31m[Kcommand[m[K = px4_msgs::msg::VehicleCommand::VEHICLE_CMD_COMPONENT_ARM_DISARM;
      |                  [01;31m[K^~~~~~~[m[K
[01m[K/home/lee/workspace/ros2_ex/src/MAV/MAV1/node/main.cpp:217:18:[m[K [01;31m[Kerror: [m[Kâ€˜[01m[Kusing element_type = struct px4_msgs::srv::VehicleCommand_Request_<std::allocator<void> >[m[Kâ€™ {aka â€˜[01m[Kstruct px4_msgs::srv::VehicleCommand_Request_<std::allocator<void> >[m[Kâ€™} has no member named â€˜[01m[Kparam1[m[Kâ€™
  217 |         request->[01;31m[Kparam1[m[K = 1; // Arm
      |                  [01;31m[K^~~~~~[m[K
[01m[K/home/lee/workspace/ros2_ex/src/MAV/MAV1/node/main.cpp:218:18:[m[K [01;31m[Kerror: [m[Kâ€˜[01m[Kusing element_type = struct px4_msgs::srv::VehicleCommand_Request_<std::allocator<void> >[m[Kâ€™ {aka â€˜[01m[Kstruct px4_msgs::srv::VehicleCommand_Request_<std::allocator<void> >[m[Kâ€™} has no member named â€˜[01m[Ktimestamp[m[Kâ€™
  218 |         request->[01;31m[Ktimestamp[m[K = this->get_clock()->now().nanoseconds() / 1000;
      |                  [01;31m[K^~~~~~~~~[m[K
[01m[K/home/lee/workspace/ros2_ex/src/MAV/MAV1/node/main.cpp:229:27:[m[K [01;31m[Kerror: [m[Kâ€˜[01m[Kusing element_type = struct px4_msgs::srv::VehicleCommand_Response_<std::allocator<void> >[m[Kâ€™ {aka â€˜[01m[Kstruct px4_msgs::srv::VehicleCommand_Response_<std::allocator<void> >[m[Kâ€™} has no member named â€˜[01m[Ksuccess[m[Kâ€™
  229 |         if (result.get()->[01;31m[Ksuccess[m[K) {
      |                           [01;31m[K^~~~~~~[m[K
gmake[2]: *** [CMakeFiles/MAV1.dir/build.make:76: CMakeFiles/MAV1.dir/node/main.cpp.o] Error 1
gmake[1]: *** [CMakeFiles/Makefile2:137: CMakeFiles/MAV1.dir/all] Error 2
gmake: *** [Makefile:146: all] Error 2
