[0.000s] Invoking command in '/home/lee/workspace/ros2_ex/src/MAV/MAV1/build/MAV1': AMENT_PREFIX_PATH=/home/lee/workspace/ros2_ex/src/MAV/MAV1/install/px4_msgs:${AMENT_PREFIX_PATH} CMAKE_PREFIX_PATH=/home/lee/workspace/ros2_ex/src/MAV/MAV1/install/px4_msgs:/home/lee/workspace/ros2_ex/install/sensor:/home/lee/workspace/ros2_ex/install/ground:/home/lee/workspace/ros2_ex/install/px4_msgs:/opt/ros/humble LD_LIBRARY_PATH=/home/lee/workspace/ros2_ex/src/MAV/MAV1/install/px4_msgs/lib:${LD_LIBRARY_PATH} PYTHONPATH=/home/lee/workspace/ros2_ex/src/MAV/MAV1/install/px4_msgs/local/lib/python3.10/dist-packages:${PYTHONPATH} /usr/bin/cmake --build /home/lee/workspace/ros2_ex/src/MAV/MAV1/build/MAV1 -- -j32 -l32
[0.001s] -- Found ament_cmake: 1.3.11 (/opt/ros/humble/share/ament_cmake/cmake)
[0.001s] -- Override CMake install command with custom implementation using symlinks instead of copying resources
[0.001s] -- Found rclcpp: 16.0.12 (/opt/ros/humble/share/rclcpp/cmake)
[0.012s] -- Found rosidl_generator_c: 3.1.6 (/opt/ros/humble/share/rosidl_generator_c/cmake)
[0.013s] -- Found rosidl_adapter: 3.1.6 (/opt/ros/humble/share/rosidl_adapter/cmake)
[0.016s] -- Found rosidl_generator_cpp: 3.1.6 (/opt/ros/humble/share/rosidl_generator_cpp/cmake)
[0.020s] -- Using all available rosidl_typesupport_c: rosidl_typesupport_fastrtps_c;rosidl_typesupport_introspection_c
[0.026s] -- Using all available rosidl_typesupport_cpp: rosidl_typesupport_fastrtps_cpp;rosidl_typesupport_introspection_cpp
[0.040s] -- Found rmw_implementation_cmake: 6.1.2 (/opt/ros/humble/share/rmw_implementation_cmake/cmake)
[0.041s] -- Found rmw_fastrtps_cpp: 6.2.7 (/opt/ros/humble/share/rmw_fastrtps_cpp/cmake)
[0.091s] -- Using RMW implementation 'rmw_fastrtps_cpp' as default
[0.113s] -- Found geometry_msgs: 4.8.0 (/opt/ros/humble/share/geometry_msgs/cmake)
[0.118s] -- Found nav_msgs: 4.8.0 (/opt/ros/humble/share/nav_msgs/cmake)
[0.125s] -- Found tf2: 0.25.12 (/opt/ros/humble/share/tf2/cmake)
[0.127s] -- Found tf2_ros: 0.25.12 (/opt/ros/humble/share/tf2_ros/cmake)
[0.162s] -- Found px4_msgs: 2.0.1 (/home/lee/workspace/ros2_ex/src/MAV/MAV1/install/px4_msgs/share/px4_msgs/cmake)
[0.168s] -- Found ament_lint_auto: 0.12.12 (/opt/ros/humble/share/ament_lint_auto/cmake)
[0.198s] WARNING: Package name "MAV1" does not follow the naming conventions. It should start with a lower case letter and only contain lower case letters, digits, underscores, and dashes.
[0.418s] -- Added test 'cppcheck' to perform static code analysis on C / C++ code
[0.418s] -- Configured cppcheck include dirs: /home/lee/workspace/ros2_ex/src/MAV/MAV1/include;/home/lee/workspace/ros2_ex/src/MAV/MAV1/install/px4_msgs/include/px4_msgs
[0.418s] -- Configured cppcheck exclude dirs and/or files: 
[0.443s] -- Added test 'flake8' to check Python code syntax and style conventions
[0.490s] -- Added test 'lint_cmake' to check CMake code style
[0.514s] -- Added test 'pep257' to check Python code against some of the docstring style conventions in PEP 257
[0.727s] -- Added test 'uncrustify' to check C / C++ code style
[0.727s] -- Configured uncrustify additional arguments: 
[0.753s] -- Added test 'xmllint' to check XML markup files
[0.753s] -- Configuring done
[0.757s] -- Generating done
[0.759s] -- Build files have been written to: /home/lee/workspace/ros2_ex/src/MAV/MAV1/build/MAV1
[0.782s] [ 50%] [32mBuilding CXX object CMakeFiles/MAV1.dir/node/main.cpp.o[0m
[2.350s] [01m[K/home/lee/workspace/ros2_ex/src/MAV/MAV1/node/main.cpp:[m[K In member function â€˜[01m[Kvoid MAVControl_Node::set_offboard_mode()[m[Kâ€™:
[2.350s] [01m[K/home/lee/workspace/ros2_ex/src/MAV/MAV1/node/main.cpp:193:18:[m[K [01;31m[Kerror: [m[Kâ€˜[01m[Kusing element_type = struct px4_msgs::srv::VehicleCommand_Request_<std::allocator<void> >[m[Kâ€™ {aka â€˜[01m[Kstruct px4_msgs::srv::VehicleCommand_Request_<std::allocator<void> >[m[Kâ€™} has no member named â€˜[01m[Kcommand[m[Kâ€™
[2.350s]   193 |         request->[01;31m[Kcommand[m[K = px4_msgs::msg::VehicleCommand::VEHICLE_CMD_DO_SET_MODE;
[2.350s]       |                  [01;31m[K^~~~~~~[m[K
[2.350s] [01m[K/home/lee/workspace/ros2_ex/src/MAV/MAV1/node/main.cpp:194:18:[m[K [01;31m[Kerror: [m[Kâ€˜[01m[Kusing element_type = struct px4_msgs::srv::VehicleCommand_Request_<std::allocator<void> >[m[Kâ€™ {aka â€˜[01m[Kstruct px4_msgs::srv::VehicleCommand_Request_<std::allocator<void> >[m[Kâ€™} has no member named â€˜[01m[Kparam1[m[Kâ€™
[2.350s]   194 |         request->[01;31m[Kparam1[m[K = 1; // Custom mode
[2.350s]       |                  [01;31m[K^~~~~~[m[K
[2.350s] [01m[K/home/lee/workspace/ros2_ex/src/MAV/MAV1/node/main.cpp:195:18:[m[K [01;31m[Kerror: [m[Kâ€˜[01m[Kusing element_type = struct px4_msgs::srv::VehicleCommand_Request_<std::allocator<void> >[m[Kâ€™ {aka â€˜[01m[Kstruct px4_msgs::srv::VehicleCommand_Request_<std::allocator<void> >[m[Kâ€™} has no member named â€˜[01m[Kparam2[m[Kâ€™
[2.350s]   195 |         request->[01;31m[Kparam2[m[K = 6; // OFFBOARD mode
[2.350s]       |                  [01;31m[K^~~~~~[m[K
[2.350s] [01m[K/home/lee/workspace/ros2_ex/src/MAV/MAV1/node/main.cpp:196:18:[m[K [01;31m[Kerror: [m[Kâ€˜[01m[Kusing element_type = struct px4_msgs::srv::VehicleCommand_Request_<std::allocator<void> >[m[Kâ€™ {aka â€˜[01m[Kstruct px4_msgs::srv::VehicleCommand_Request_<std::allocator<void> >[m[Kâ€™} has no member named â€˜[01m[Ktimestamp[m[Kâ€™
[2.350s]   196 |         request->[01;31m[Ktimestamp[m[K = this->get_clock()->now().nanoseconds() / 1000;
[2.350s]       |                  [01;31m[K^~~~~~~~~[m[K
[2.351s] [01m[K/home/lee/workspace/ros2_ex/src/MAV/MAV1/node/main.cpp:207:27:[m[K [01;31m[Kerror: [m[Kâ€˜[01m[Kusing element_type = struct px4_msgs::srv::VehicleCommand_Response_<std::allocator<void> >[m[Kâ€™ {aka â€˜[01m[Kstruct px4_msgs::srv::VehicleCommand_Response_<std::allocator<void> >[m[Kâ€™} has no member named â€˜[01m[Ksuccess[m[Kâ€™
[2.351s]   207 |         if (result.get()->[01;31m[Ksuccess[m[K) {
[2.351s]       |                           [01;31m[K^~~~~~~[m[K
[2.351s] [01m[K/home/lee/workspace/ros2_ex/src/MAV/MAV1/node/main.cpp:[m[K In member function â€˜[01m[Kvoid MAVControl_Node::arm_vehicle()[m[Kâ€™:
[2.351s] [01m[K/home/lee/workspace/ros2_ex/src/MAV/MAV1/node/main.cpp:216:18:[m[K [01;31m[Kerror: [m[Kâ€˜[01m[Kusing element_type = struct px4_msgs::srv::VehicleCommand_Request_<std::allocator<void> >[m[Kâ€™ {aka â€˜[01m[Kstruct px4_msgs::srv::VehicleCommand_Request_<std::allocator<void> >[m[Kâ€™} has no member named â€˜[01m[Kcommand[m[Kâ€™
[2.351s]   216 |         request->[01;31m[Kcommand[m[K = px4_msgs::msg::VehicleCommand::VEHICLE_CMD_COMPONENT_ARM_DISARM;
[2.352s]       |                  [01;31m[K^~~~~~~[m[K
[2.352s] [01m[K/home/lee/workspace/ros2_ex/src/MAV/MAV1/node/main.cpp:217:18:[m[K [01;31m[Kerror: [m[Kâ€˜[01m[Kusing element_type = struct px4_msgs::srv::VehicleCommand_Request_<std::allocator<void> >[m[Kâ€™ {aka â€˜[01m[Kstruct px4_msgs::srv::VehicleCommand_Request_<std::allocator<void> >[m[Kâ€™} has no member named â€˜[01m[Kparam1[m[Kâ€™
[2.352s]   217 |         request->[01;31m[Kparam1[m[K = 1; // Arm
[2.352s]       |                  [01;31m[K^~~~~~[m[K
[2.352s] [01m[K/home/lee/workspace/ros2_ex/src/MAV/MAV1/node/main.cpp:218:18:[m[K [01;31m[Kerror: [m[Kâ€˜[01m[Kusing element_type = struct px4_msgs::srv::VehicleCommand_Request_<std::allocator<void> >[m[Kâ€™ {aka â€˜[01m[Kstruct px4_msgs::srv::VehicleCommand_Request_<std::allocator<void> >[m[Kâ€™} has no member named â€˜[01m[Ktimestamp[m[Kâ€™
[2.352s]   218 |         request->[01;31m[Ktimestamp[m[K = this->get_clock()->now().nanoseconds() / 1000;
[2.352s]       |                  [01;31m[K^~~~~~~~~[m[K
[2.352s] [01m[K/home/lee/workspace/ros2_ex/src/MAV/MAV1/node/main.cpp:229:27:[m[K [01;31m[Kerror: [m[Kâ€˜[01m[Kusing element_type = struct px4_msgs::srv::VehicleCommand_Response_<std::allocator<void> >[m[Kâ€™ {aka â€˜[01m[Kstruct px4_msgs::srv::VehicleCommand_Response_<std::allocator<void> >[m[Kâ€™} has no member named â€˜[01m[Ksuccess[m[Kâ€™
[2.352s]   229 |         if (result.get()->[01;31m[Ksuccess[m[K) {
[2.352s]       |                           [01;31m[K^~~~~~~[m[K
[4.853s] gmake[2]: *** [CMakeFiles/MAV1.dir/build.make:76: CMakeFiles/MAV1.dir/node/main.cpp.o] Error 1
[4.853s] gmake[1]: *** [CMakeFiles/Makefile2:137: CMakeFiles/MAV1.dir/all] Error 2
[4.853s] gmake: *** [Makefile:146: all] Error 2
[4.855s] Invoked command in '/home/lee/workspace/ros2_ex/src/MAV/MAV1/build/MAV1' returned '2': AMENT_PREFIX_PATH=/home/lee/workspace/ros2_ex/src/MAV/MAV1/install/px4_msgs:${AMENT_PREFIX_PATH} CMAKE_PREFIX_PATH=/home/lee/workspace/ros2_ex/src/MAV/MAV1/install/px4_msgs:/home/lee/workspace/ros2_ex/install/sensor:/home/lee/workspace/ros2_ex/install/ground:/home/lee/workspace/ros2_ex/install/px4_msgs:/opt/ros/humble LD_LIBRARY_PATH=/home/lee/workspace/ros2_ex/src/MAV/MAV1/install/px4_msgs/lib:${LD_LIBRARY_PATH} PYTHONPATH=/home/lee/workspace/ros2_ex/src/MAV/MAV1/install/px4_msgs/local/lib/python3.10/dist-packages:${PYTHONPATH} /usr/bin/cmake --build /home/lee/workspace/ros2_ex/src/MAV/MAV1/build/MAV1 -- -j32 -l32
