[35m[1mConsolidate compiler generated dependencies of target mav1[0m
[ 12%] [32mBuilding CXX object CMakeFiles/mav2.dir/node/mav2.cpp.o[0m
[ 25%] [32mBuilding CXX object CMakeFiles/mav4.dir/node/mav4.cpp.o[0m
[ 37%] [32mBuilding CXX object CMakeFiles/mav3.dir/node/mav3.cpp.o[0m
[ 62%] Built target mav1
[01m[K/home/lee/workspace/ros2_ex/src/MAV/node/mav2.cpp:11:10:[m[K [01;31m[Kfatal error: [m[Ktf2/LinearMath/Quaternion.h: No such file or directory
   11 | #include [01;31m[K"tf2/LinearMath/Quaternion.h"[m[K
      |          [01;31m[K^~~~~~~~~~~~~~~~~~~~~~~~~~~~~[m[K
compilation terminated.
gmake[2]: *** [CMakeFiles/mav2.dir/build.make:76: CMakeFiles/mav2.dir/node/mav2.cpp.o] Error 1
gmake[1]: *** [CMakeFiles/Makefile2:169: CMakeFiles/mav2.dir/all] Error 2
gmake[1]: *** Waiting for unfinished jobs....
[01m[K/home/lee/workspace/ros2_ex/src/MAV/node/mav4.cpp:11:10:[m[K [01;31m[Kfatal error: [m[Ktf2/LinearMath/Quaternion.h: No such file or directory
   11 | #include [01;31m[K"tf2/LinearMath/Quaternion.h"[m[K
      |          [01;31m[K^~~~~~~~~~~~~~~~~~~~~~~~~~~~~[m[K
compilation terminated.
gmake[2]: *** [CMakeFiles/mav4.dir/build.make:76: CMakeFiles/mav4.dir/node/mav4.cpp.o] Error 1
gmake[1]: *** [CMakeFiles/Makefile2:221: CMakeFiles/mav4.dir/all] Error 2
[01m[K/home/lee/workspace/ros2_ex/src/MAV/node/mav3.cpp:11:10:[m[K [01;31m[Kfatal error: [m[Ktf2/LinearMath/Quaternion.h: No such file or directory
   11 | #include [01;31m[K"tf2/LinearMath/Quaternion.h"[m[K
      |          [01;31m[K^~~~~~~~~~~~~~~~~~~~~~~~~~~~~[m[K
compilation terminated.
gmake[2]: *** [CMakeFiles/mav3.dir/build.make:76: CMakeFiles/mav3.dir/node/mav3.cpp.o] Error 1
gmake[1]: *** [CMakeFiles/Makefile2:195: CMakeFiles/mav3.dir/all] Error 2
gmake: *** [Makefile:146: all] Error 2
