[0.000s] Invoking command in '/home/lee/workspace/ros2_ex/build/ground': AMENT_PREFIX_PATH=/home/lee/workspace/ros2_ex/install/px4_msgs:${AMENT_PREFIX_PATH} CMAKE_PREFIX_PATH=/home/lee/workspace/ros2_ex/install/px4_msgs:/home/lee/workspace/ros2_ex/install/sensor:/home/lee/workspace/ros2_ex/install/ground:/opt/ros/humble LD_LIBRARY_PATH=/home/lee/workspace/ros2_ex/install/px4_msgs/lib:${LD_LIBRARY_PATH} PYTHONPATH=/home/lee/workspace/ros2_ex/install/px4_msgs/local/lib/python3.10/dist-packages:${PYTHONPATH} /usr/bin/cmake /home/lee/workspace/ros2_ex/src/ground -DCMAKE_BUILD_TYPE=RelWithDebInfo -DAMENT_CMAKE_SYMLINK_INSTALL=1 -DCMAKE_INSTALL_PREFIX=/home/lee/workspace/ros2_ex/install/ground
[0.001s] -- Found ament_cmake: 1.3.11 (/opt/ros/humble/share/ament_cmake/cmake)
[0.001s] -- Override CMake install command with custom implementation using symlinks instead of copying resources
[0.001s] -- Found rclcpp: 16.0.12 (/opt/ros/humble/share/rclcpp/cmake)
[0.001s] -- Found rosidl_generator_c: 3.1.6 (/opt/ros/humble/share/rosidl_generator_c/cmake)
[0.001s] -- Found rosidl_adapter: 3.1.6 (/opt/ros/humble/share/rosidl_adapter/cmake)
[0.001s] -- Found rosidl_generator_cpp: 3.1.6 (/opt/ros/humble/share/rosidl_generator_cpp/cmake)
[0.001s] -- Using all available rosidl_typesupport_c: rosidl_typesupport_fastrtps_c;rosidl_typesupport_introspection_c
[0.001s] -- Using all available rosidl_typesupport_cpp: rosidl_typesupport_fastrtps_cpp;rosidl_typesupport_introspection_cpp
[0.001s] -- Found rmw_implementation_cmake: 6.1.2 (/opt/ros/humble/share/rmw_implementation_cmake/cmake)
[0.001s] -- Found rmw_fastrtps_cpp: 6.2.7 (/opt/ros/humble/share/rmw_fastrtps_cpp/cmake)
[0.032s] -- Using RMW implementation 'rmw_fastrtps_cpp' as default
[0.053s] -- Found geometry_msgs: 4.8.0 (/opt/ros/humble/share/geometry_msgs/cmake)
[0.058s] -- Found nav_msgs: 4.8.0 (/opt/ros/humble/share/nav_msgs/cmake)
[0.065s] -- Found tf2: 0.25.12 (/opt/ros/humble/share/tf2/cmake)
[0.066s] -- Found tf2_ros: 0.25.12 (/opt/ros/humble/share/tf2_ros/cmake)
[0.099s] -- Found px4_msgs: 2.0.1 (/home/lee/workspace/ros2_ex/install/px4_msgs/share/px4_msgs/cmake)
[0.107s] -- Found ament_lint_auto: 0.12.12 (/opt/ros/humble/share/ament_lint_auto/cmake)
[0.140s] -- Added test 'cppcheck' to perform static code analysis on C / C++ code
[0.140s] -- Configured cppcheck include dirs: 
[0.140s] -- Configured cppcheck exclude dirs and/or files: 
[0.140s] -- Added test 'lint_cmake' to check CMake code style
[0.141s] -- Added test 'uncrustify' to check C / C++ code style
[0.141s] -- Configured uncrustify additional arguments: 
[0.141s] -- Added test 'xmllint' to check XML markup files
[0.141s] -- Configuring done
[0.152s] -- Generating done
[0.156s] -- Build files have been written to: /home/lee/workspace/ros2_ex/build/ground
[0.161s] Invoked command in '/home/lee/workspace/ros2_ex/build/ground' returned '0': AMENT_PREFIX_PATH=/home/lee/workspace/ros2_ex/install/px4_msgs:${AMENT_PREFIX_PATH} CMAKE_PREFIX_PATH=/home/lee/workspace/ros2_ex/install/px4_msgs:/home/lee/workspace/ros2_ex/install/sensor:/home/lee/workspace/ros2_ex/install/ground:/opt/ros/humble LD_LIBRARY_PATH=/home/lee/workspace/ros2_ex/install/px4_msgs/lib:${LD_LIBRARY_PATH} PYTHONPATH=/home/lee/workspace/ros2_ex/install/px4_msgs/local/lib/python3.10/dist-packages:${PYTHONPATH} /usr/bin/cmake /home/lee/workspace/ros2_ex/src/ground -DCMAKE_BUILD_TYPE=RelWithDebInfo -DAMENT_CMAKE_SYMLINK_INSTALL=1 -DCMAKE_INSTALL_PREFIX=/home/lee/workspace/ros2_ex/install/ground
[0.162s] Invoking command in '/home/lee/workspace/ros2_ex/build/ground': AMENT_PREFIX_PATH=/home/lee/workspace/ros2_ex/install/px4_msgs:${AMENT_PREFIX_PATH} CMAKE_PREFIX_PATH=/home/lee/workspace/ros2_ex/install/px4_msgs:/home/lee/workspace/ros2_ex/install/sensor:/home/lee/workspace/ros2_ex/install/ground:/opt/ros/humble LD_LIBRARY_PATH=/home/lee/workspace/ros2_ex/install/px4_msgs/lib:${LD_LIBRARY_PATH} PYTHONPATH=/home/lee/workspace/ros2_ex/install/px4_msgs/local/lib/python3.10/dist-packages:${PYTHONPATH} /usr/bin/cmake --build /home/lee/workspace/ros2_ex/build/ground -- -j32 -l32
[0.188s] [35m[1mConsolidate compiler generated dependencies of target wrench_mapper[0m
[0.188s] [35m[1mConsolidate compiler generated dependencies of target trajectory_generator[0m
[0.188s] [35m[1mConsolidate compiler generated dependencies of target gripper_controller[0m
[0.189s] [35m[1mConsolidate compiler generated dependencies of target attitude_controller[0m
[0.189s] [35m[1mConsolidate compiler generated dependencies of target position_controller[0m
[0.189s] [35m[1mConsolidate compiler generated dependencies of target qc_servo[0m
[0.195s] [ 13%] [32mBuilding CXX object CMakeFiles/keyboard_node.dir/node/keyboard_node.cpp.o[0m
[0.195s] [ 13%] [32mBuilding CXX object CMakeFiles/keyboard_node.dir/src/getch.cpp.o[0m
[0.199s] [ 26%] Built target wrench_mapper
[0.199s] [ 40%] Built target attitude_controller
[0.199s] [ 53%] Built target trajectory_generator
[0.200s] [ 66%] Built target gripper_controller
[0.200s] [ 80%] Built target position_controller
[0.201s] [01m[K/home/lee/workspace/ros2_ex/src/ground/src/getch.cpp:1:10:[m[K [01;31m[Kfatal error: [m[Kgetch.h: No such file or directory
[0.201s]     1 | #include [01;31m[K"getch.h"[m[K
[0.201s]       |          [01;31m[K^~~~~~~~~[m[K
[0.201s] compilation terminated.
[0.201s] [ 93%] Built target qc_servo
[0.201s] gmake[2]: *** [CMakeFiles/keyboard_node.dir/build.make:90: CMakeFiles/keyboard_node.dir/src/getch.cpp.o] Error 1
[0.201s] gmake[2]: *** Waiting for unfinished jobs....
[0.282s] [01m[K/home/lee/workspace/ros2_ex/src/ground/node/keyboard_node.cpp:4:10:[m[K [01;31m[Kfatal error: [m[Kgetch.h: No such file or directory
[0.282s]     4 | #include [01;31m[K<getch.h>[m[K
[0.282s]       |          [01;31m[K^~~~~~~~~[m[K
[0.282s] compilation terminated.
[0.284s] gmake[2]: *** [CMakeFiles/keyboard_node.dir/build.make:76: CMakeFiles/keyboard_node.dir/node/keyboard_node.cpp.o] Error 1
[0.284s] gmake[1]: *** [CMakeFiles/Makefile2:227: CMakeFiles/keyboard_node.dir/all] Error 2
[0.284s] gmake: *** [Makefile:146: all] Error 2
[0.286s] Invoked command in '/home/lee/workspace/ros2_ex/build/ground' returned '2': AMENT_PREFIX_PATH=/home/lee/workspace/ros2_ex/install/px4_msgs:${AMENT_PREFIX_PATH} CMAKE_PREFIX_PATH=/home/lee/workspace/ros2_ex/install/px4_msgs:/home/lee/workspace/ros2_ex/install/sensor:/home/lee/workspace/ros2_ex/install/ground:/opt/ros/humble LD_LIBRARY_PATH=/home/lee/workspace/ros2_ex/install/px4_msgs/lib:${LD_LIBRARY_PATH} PYTHONPATH=/home/lee/workspace/ros2_ex/install/px4_msgs/local/lib/python3.10/dist-packages:${PYTHONPATH} /usr/bin/cmake --build /home/lee/workspace/ros2_ex/build/ground -- -j32 -l32
