[01m[K/home/lee/workspace/ros2_ex/src/ground/node/position_controller.cpp:[m[K In member function â€˜[01m[Kvoid PositionController::desire_position_cb(geometry_msgs::msg::Vector3_<std::allocator<void> >::SharedPtr)[m[Kâ€™:
[01m[K/home/lee/workspace/ros2_ex/src/ground/node/position_controller.cpp:105:5:[m[K [01;31m[Kerror: [m[Kexpected â€˜[01m[K;[m[Kâ€™ before â€˜[01m[Kpd[m[Kâ€™
  105 |     [01;31m[Kpd[m[K(1) = msg->y; // y
      |     [01;31m[K^~[m[K
gmake[2]: *** [CMakeFiles/position_controller.dir/build.make:76: CMakeFiles/position_controller.dir/node/position_controller.cpp.o] Error 1
gmake[1]: *** [CMakeFiles/Makefile2:193: CMakeFiles/position_controller.dir/all] Error 2
gmake: *** [Makefile:146: all] Error 2
