[0.005s] Invoking command in '/home/lee/workspace/ros2_ex/build/ground': CMAKE_PREFIX_PATH=${CMAKE_PREFIX_PATH}:/opt/ros/humble /usr/bin/cmake --build /home/lee/workspace/ros2_ex/build/ground -- -j32 -l32
[0.032s] [35m[1mConsolidate compiler generated dependencies of target position_controller[0m
[0.037s] [ 33%] Built target gripper_controller
[0.039s] [ 66%] Built target attitude_controller
[0.041s] [ 83%] [32mBuilding CXX object CMakeFiles/position_controller.dir/node/position_controller.cpp.o[0m
[1.254s] [01m[K/home/lee/workspace/ros2_ex/src/ground/node/position_controller.cpp:[m[K In member function â€˜[01m[Kvoid PositionController::desire_position_cb(geometry_msgs::msg::Vector3_<std::allocator<void> >::SharedPtr)[m[Kâ€™:
[1.254s] [01m[K/home/lee/workspace/ros2_ex/src/ground/node/position_controller.cpp:105:5:[m[K [01;31m[Kerror: [m[Kexpected â€˜[01m[K;[m[Kâ€™ before â€˜[01m[Kpd[m[Kâ€™
[1.254s]   105 |     [01;31m[Kpd[m[K(1) = msg->y; // y
[1.254s]       |     [01;31m[K^~[m[K
[2.768s] gmake[2]: *** [CMakeFiles/position_controller.dir/build.make:76: CMakeFiles/position_controller.dir/node/position_controller.cpp.o] Error 1
[2.768s] gmake[1]: *** [CMakeFiles/Makefile2:193: CMakeFiles/position_controller.dir/all] Error 2
[2.768s] gmake: *** [Makefile:146: all] Error 2
[2.770s] Invoked command in '/home/lee/workspace/ros2_ex/build/ground' returned '2': CMAKE_PREFIX_PATH=${CMAKE_PREFIX_PATH}:/opt/ros/humble /usr/bin/cmake --build /home/lee/workspace/ros2_ex/build/ground -- -j32 -l32
