[35m[1mConsolidate compiler generated dependencies of target MAV1[0m
[ 50%] [32mBuilding CXX object CMakeFiles/MAV1.dir/node/main.cpp.o[0m
[01m[K/home/lee/workspace/ros2_ex/src/MAV/MAV1/node/main.cpp:11:10:[m[K [01;31m[Kfatal error: [m[Kmav1/getch.h: No such file or directory
   11 | #include [01;31m[K<mav1/getch.h>[m[K
      |          [01;31m[K^~~~~~~~~~~~~~[m[K
compilation terminated.
gmake[2]: *** [CMakeFiles/MAV1.dir/build.make:76: CMakeFiles/MAV1.dir/node/main.cpp.o] Error 1
gmake[1]: *** [CMakeFiles/Makefile2:137: CMakeFiles/MAV1.dir/all] Error 2
gmake: *** [Makefile:146: all] Error 2
