[0.000s] Invoking command in '/home/lee/workspace/ros2_ex/build/MAV': CMAKE_PREFIX_PATH=/home/lee/workspace/ros2_ex/install/px4_msgs:/home/lee/workspace/ros2_ex/install/sensor:/home/lee/workspace/ros2_ex/install/ground:/home/lee/workspace/ros2_ex/install/MAV4:/home/lee/workspace/ros2_ex/install/MAV3:/home/lee/workspace/ros2_ex/install/MAV2:/home/lee/workspace/ros2_ex/install/MAV1:/home/lee/workspace/ros2_ex/install/MAV:/home/lee/workspace/vrpn/vrpn_optitrack/install/vrpn_mocap:/opt/ros/humble /usr/bin/cmake --build /home/lee/workspace/ros2_ex/build/MAV -- -j32 -l32
[0.001s] [35m[1mConsolidate compiler generated dependencies of target mav1[0m
[0.001s] [ 25%] Built target mav4
[0.001s] [ 50%] Built target mav3
[0.001s] [ 75%] Built target mav2
[0.001s] [ 87%] [32mBuilding CXX object CMakeFiles/mav1.dir/node/mav1.cpp.o[0m
[1.444s] [01m[K/home/lee/workspace/ros2_ex/src/MAV/node/mav1.cpp:[m[K In member function â€˜[01m[Kvoid MAVControl_Node::T_cmd_calculate()[m[Kâ€™:
[1.444s] [01m[K/home/lee/workspace/ros2_ex/src/MAV/node/mav1.cpp:153:44:[m[K [01;31m[Kerror: [m[Kexpected initializer before â€˜[01m[KEigen[m[Kâ€™
[1.444s]   153 |         Eigen::Quaterniond mav_pose_desire [01;31m[KEigen[m[K::quaternion(rotationMatrix_mav_des_i2w);
[1.444s]       |                                            [01;31m[K^~~~~[m[K
[1.449s] [01m[K/home/lee/workspace/ros2_ex/src/MAV/node/mav1.cpp:155:9:[m[K [01;31m[Kerror: [m[Kâ€˜[01m[Kmav_pose_desire[m[Kâ€™ was not declared in this scope; did you mean â€˜[01m[Kmav_pose_sub_[m[Kâ€™?
[1.449s]   155 |         [01;31m[Kmav_pose_desire[m[K.normalize();
[1.449s]       |         [01;31m[K^~~~~~~~~~~~~~~[m[K
[1.449s]       |         [32m[Kmav_pose_sub_[m[K
[3.549s] gmake[2]: *** [CMakeFiles/mav1.dir/build.make:76: CMakeFiles/mav1.dir/node/mav1.cpp.o] Error 1
[3.549s] gmake[1]: *** [CMakeFiles/Makefile2:143: CMakeFiles/mav1.dir/all] Error 2
[3.550s] gmake: *** [Makefile:146: all] Error 2
[3.551s] Invoked command in '/home/lee/workspace/ros2_ex/build/MAV' returned '2': CMAKE_PREFIX_PATH=/home/lee/workspace/ros2_ex/install/px4_msgs:/home/lee/workspace/ros2_ex/install/sensor:/home/lee/workspace/ros2_ex/install/ground:/home/lee/workspace/ros2_ex/install/MAV4:/home/lee/workspace/ros2_ex/install/MAV3:/home/lee/workspace/ros2_ex/install/MAV2:/home/lee/workspace/ros2_ex/install/MAV1:/home/lee/workspace/ros2_ex/install/MAV:/home/lee/workspace/vrpn/vrpn_optitrack/install/vrpn_mocap:/opt/ros/humble /usr/bin/cmake --build /home/lee/workspace/ros2_ex/build/MAV -- -j32 -l32
