[35m[1mConsolidate compiler generated dependencies of target platform_topic_tool[0m
[ 10%] Built target qc_servo
[ 21%] Built target gripper_controller
[ 36%] Built target wrench_mapper
[ 42%] Built target trajectory_generator
[ 52%] Built target position_controller
[ 63%] Built target mocap_px4_bridge
[ 78%] Built target keyboard_node
[ 89%] Built target attitude_controller
[ 94%] [32mBuilding CXX object CMakeFiles/platform_topic_tool.dir/src/platform_topic_tool.cpp.o[0m
[01m[K/home/lee/workspace/ros2_ex/src/ground/src/platform_topic_tool.cpp:[m[K In member function â€˜[01m[Kvoid PositionAttitudeVelocityConverterNode::timer_callback()[m[Kâ€™:
[01m[K/home/lee/workspace/ros2_ex/src/ground/src/platform_topic_tool.cpp:128:27:[m[K [01;31m[Kerror: [m[Kâ€˜[01m[Kpitch[m[Kâ€™ was not declared in this scope
  128 |     if (std::abs(std::cos([01;31m[Kpitch[m[K)) > 1e-6) { // é¿å…è¬å‘ç¯€é–
      |                           [01;31m[K^~~~~[m[K
gmake[2]: *** [CMakeFiles/platform_topic_tool.dir/build.make:76: CMakeFiles/platform_topic_tool.dir/src/platform_topic_tool.cpp.o] Error 1
gmake[1]: *** [CMakeFiles/Makefile2:335: CMakeFiles/platform_topic_tool.dir/all] Error 2
gmake: *** [Makefile:146: all] Error 2
