[0.002s] Invoking command in '/home/lee/workspace/ros2_ex/build/ground': CMAKE_PREFIX_PATH=/home/lee/workspace/ros2_ex/install/px4_msgs:/home/lee/workspace/ros2_ex/install/sensor:/home/lee/workspace/ros2_ex/install/ground:/home/lee/workspace/ros2_ex/install/MAV4:/home/lee/workspace/ros2_ex/install/MAV3:/home/lee/workspace/ros2_ex/install/MAV2:/home/lee/workspace/ros2_ex/install/MAV1:/home/lee/workspace/ros2_ex/install/MAV:/home/lee/workspace/vrpn/vrpn_optitrack/install/vrpn_mocap:/opt/ros/humble /usr/bin/cmake --build /home/lee/workspace/ros2_ex/build/ground -- -j32 -l32
[0.002s] [35m[1mConsolidate compiler generated dependencies of target platform_topic_tool[0m
[0.003s] [ 10%] Built target qc_servo
[0.003s] [ 21%] Built target gripper_controller
[0.003s] [ 36%] Built target wrench_mapper
[0.003s] [ 42%] Built target trajectory_generator
[0.003s] [ 52%] Built target position_controller
[0.003s] [ 63%] Built target mocap_px4_bridge
[0.003s] [ 78%] Built target keyboard_node
[0.003s] [ 89%] Built target attitude_controller
[0.003s] [ 94%] [32mBuilding CXX object CMakeFiles/platform_topic_tool.dir/src/platform_topic_tool.cpp.o[0m
[1.523s] [01m[K/home/lee/workspace/ros2_ex/src/ground/src/platform_topic_tool.cpp:[m[K In member function ‚Äò[01m[Kvoid PositionAttitudeVelocityConverterNode::timer_callback()[m[K‚Äô:
[1.523s] [01m[K/home/lee/workspace/ros2_ex/src/ground/src/platform_topic_tool.cpp:128:27:[m[K [01;31m[Kerror: [m[K‚Äò[01m[Kpitch[m[K‚Äô was not declared in this scope
[1.523s]   128 |     if (std::abs(std::cos([01;31m[Kpitch[m[K)) > 1e-6) { // ÈÅøÂÖçËê¨ÂêëÁØÄÈéñ
[1.523s]       |                           [01;31m[K^~~~~[m[K
[3.414s] gmake[2]: *** [CMakeFiles/platform_topic_tool.dir/build.make:76: CMakeFiles/platform_topic_tool.dir/src/platform_topic_tool.cpp.o] Error 1
[3.414s] gmake[1]: *** [CMakeFiles/Makefile2:335: CMakeFiles/platform_topic_tool.dir/all] Error 2
[3.414s] gmake: *** [Makefile:146: all] Error 2
[3.416s] Invoked command in '/home/lee/workspace/ros2_ex/build/ground' returned '2': CMAKE_PREFIX_PATH=/home/lee/workspace/ros2_ex/install/px4_msgs:/home/lee/workspace/ros2_ex/install/sensor:/home/lee/workspace/ros2_ex/install/ground:/home/lee/workspace/ros2_ex/install/MAV4:/home/lee/workspace/ros2_ex/install/MAV3:/home/lee/workspace/ros2_ex/install/MAV2:/home/lee/workspace/ros2_ex/install/MAV1:/home/lee/workspace/ros2_ex/install/MAV:/home/lee/workspace/vrpn/vrpn_optitrack/install/vrpn_mocap:/opt/ros/humble /usr/bin/cmake --build /home/lee/workspace/ros2_ex/build/ground -- -j32 -l32
