[0.006s] Invoking command in '/home/lee/workspace/ros2_ex/src/build/sensor': CMAKE_PREFIX_PATH=/opt/ros/humble /usr/bin/cmake --build /home/lee/workspace/ros2_ex/src/build/sensor -- -j32 -l32
[0.022s] -- Found ament_cmake: 1.3.11 (/opt/ros/humble/share/ament_cmake/cmake)
[0.081s] -- Found rclcpp: 16.0.12 (/opt/ros/humble/share/rclcpp/cmake)
[0.093s] -- Found rosidl_generator_c: 3.1.6 (/opt/ros/humble/share/rosidl_generator_c/cmake)
[0.094s] -- Found rosidl_adapter: 3.1.6 (/opt/ros/humble/share/rosidl_adapter/cmake)
[0.096s] -- Found rosidl_generator_cpp: 3.1.6 (/opt/ros/humble/share/rosidl_generator_cpp/cmake)
[0.101s] -- Using all available rosidl_typesupport_c: rosidl_typesupport_fastrtps_c;rosidl_typesupport_introspection_c
[0.106s] -- Using all available rosidl_typesupport_cpp: rosidl_typesupport_fastrtps_cpp;rosidl_typesupport_introspection_cpp
[0.119s] -- Found rmw_implementation_cmake: 6.1.2 (/opt/ros/humble/share/rmw_implementation_cmake/cmake)
[0.119s] -- Found rmw_fastrtps_cpp: 6.2.7 (/opt/ros/humble/share/rmw_fastrtps_cpp/cmake)
[0.167s] -- Using RMW implementation 'rmw_fastrtps_cpp' as default
[0.188s] -- Found geometry_msgs: 4.8.0 (/opt/ros/humble/share/geometry_msgs/cmake)
[0.193s] -- Found nav_msgs: 4.8.0 (/opt/ros/humble/share/nav_msgs/cmake)
[0.200s] -- Found tf2: 0.25.12 (/opt/ros/humble/share/tf2/cmake)
[0.201s] -- Found tf2_ros: 0.25.12 (/opt/ros/humble/share/tf2_ros/cmake)
[0.234s] -- Found tf2_geometry_msgs: 0.25.12 (/opt/ros/humble/share/tf2_geometry_msgs/cmake)
[0.242s] -- Found eigen3_cmake_module: 0.1.1 (/opt/ros/humble/share/eigen3_cmake_module/cmake)
[0.242s] -- Found Eigen3: TRUE (found version "3.4.0") 
[0.242s] -- Ensuring Eigen3 include directory is part of orocos-kdl CMake target
[0.244s] -- Found ament_lint_auto: 0.12.12 (/opt/ros/humble/share/ament_lint_auto/cmake)
[0.277s] -- Added test 'cppcheck' to perform static code analysis on C / C++ code
[0.277s] -- Configured cppcheck include dirs: 
[0.277s] -- Configured cppcheck exclude dirs and/or files: 
[0.277s] -- Added test 'lint_cmake' to check CMake code style
[0.277s] -- Added test 'uncrustify' to check C / C++ code style
[0.277s] -- Configured uncrustify additional arguments: 
[0.277s] -- Added test 'xmllint' to check XML markup files
[0.277s] -- Configuring done
[0.283s] -- Generating done
[0.284s] -- Build files have been written to: /home/lee/workspace/ros2_ex/src/build/sensor
[0.305s] [ 50%] [32mBuilding CXX object CMakeFiles/topic_tool.dir/src/topic_tool.cpp.o[0m
[1.270s] [01m[K/home/lee/workspace/ros2_ex/src/sensor/src/topic_tool.cpp:65:24:[m[K [01;31m[Kerror: [m[Kâ€˜[01m[Kstdgeometry_msgs[m[Kâ€™ was not declared in this scope; did you mean â€˜[01m[Kgeometry_msgs[m[Kâ€™?
[1.270s]    65 |   rclcpp::Subscription<[01;31m[Kstdgeometry_msgs[m[K::msg::PoseStamped>::SharedPtr host_sub_;
[1.270s]       |                        [01;31m[K^~~~~~~~~~~~~~~~[m[K
[1.270s]       |                        [32m[Kgeometry_msgs[m[K
[1.270s] [01m[K/home/lee/workspace/ros2_ex/src/sensor/src/topic_tool.cpp:65:58:[m[K [01;31m[Kerror: [m[Ktemplate argument 1 is invalid
[1.270s]    65 |   rclcpp::Subscription<stdgeometry_msgs::msg::PoseStamped[01;31m[K>[m[K::SharedPtr host_sub_;
[1.270s]       |                                                          [01;31m[K^[m[K
[1.270s] [01m[K/home/lee/workspace/ros2_ex/src/sensor/src/topic_tool.cpp:65:58:[m[K [01;31m[Kerror: [m[Ktemplate argument 3 is invalid
[1.270s] [01m[K/home/lee/workspace/ros2_ex/src/sensor/src/topic_tool.cpp:65:58:[m[K [01;31m[Kerror: [m[Ktemplate argument 4 is invalid
[1.270s] [01m[K/home/lee/workspace/ros2_ex/src/sensor/src/topic_tool.cpp:65:58:[m[K [01;31m[Kerror: [m[Ktemplate argument 5 is invalid
[1.270s] [01m[K/home/lee/workspace/ros2_ex/src/sensor/src/topic_tool.cpp:65:61:[m[K [01;31m[Kerror: [m[Kexpected â€˜[01m[K;[m[Kâ€™ at end of member declaration
[1.270s]    65 |   rclcpp::Subscription<stdgeometry_msgs::msg::PoseStamped>::[01;31m[KSharedPtr[m[K host_sub_;
[1.270s]       |                                                             [01;31m[K^~~~~~~~~[m[K
[1.270s]       |                                                                      [32m[K;[m[K
[1.271s] [01m[K/home/lee/workspace/ros2_ex/src/sensor/src/topic_tool.cpp:65:71:[m[K [01;31m[Kerror: [m[Kâ€˜[01m[Khost_sub_[m[Kâ€™ does not name a type
[1.271s]    65 |   rclcpp::Subscription<stdgeometry_msgs::msg::PoseStamped>::SharedPtr [01;31m[Khost_sub_[m[K;
[1.271s]       |                                                                       [01;31m[K^~~~~~~~~[m[K
[1.273s] [01m[K/home/lee/workspace/ros2_ex/src/sensor/src/topic_tool.cpp:66:19:[m[K [01;31m[Kerror: [m[Kâ€˜[01m[Krcpp[m[Kâ€™ was not declared in this scope; did you mean â€˜[01m[Krclcpp[m[Kâ€™?
[1.273s]    66 |   std::shared_ptr<[01;31m[Krcpp[m[K::Rate> rate_;
[1.273s]       |                   [01;31m[K^~~~[m[K
[1.273s]       |                   [32m[Krclcpp[m[K
[1.273s] [01m[K/home/lee/workspace/ros2_ex/src/sensor/src/topic_tool.cpp:66:29:[m[K [01;31m[Kerror: [m[Ktemplate argument 1 is invalid
[1.273s]    66 |   std::shared_ptr<rcpp::Rate[01;31m[K>[m[K rate_;
[1.273s]       |                             [01;31m[K^[m[K
[1.278s] [01m[K/home/lee/workspace/ros2_ex/src/sensor/src/topic_tool.cpp:[m[K In constructor â€˜[01m[KMocapNode::MocapNode()[m[Kâ€™:
[1.278s] [01m[K/home/lee/workspace/ros2_ex/src/sensor/src/topic_tool.cpp:26:5:[m[K [01;31m[Kerror: [m[Kâ€˜[01m[Khost_sub_[m[Kâ€™ was not declared in this scope
[1.278s]    26 |     [01;31m[Khost_sub_[m[K = this->create_subscription<geometry_msgs::msg::PoseStamped>(
[1.278s]       |     [01;31m[K^~~~~~~~~[m[K
[1.296s] [01m[K/home/lee/workspace/ros2_ex/src/sensor/src/topic_tool.cpp:30:43:[m[K [01;31m[Kerror: [m[Kcannot convert â€˜[01m[Kstd::shared_ptr<rclcpp::GenericRate<std::chrono::_V2::system_clock> >[m[Kâ€™ to â€˜[01m[Kint[m[Kâ€™ in assignment
[1.296s]    30 |     rate_ = [01;31m[Kstd::make_shared<rclcpp::Rate>(100.0)[m[K;
[1.296s]       |             [01;31m[K~~~~~~~~~~~~~~~~~~~~~~~~~~~~~~^~~~~~~[m[K
[1.296s]       |                                           [01;31m[K|[m[K
[1.296s]       |                                           [01;31m[Kstd::shared_ptr<rclcpp::GenericRate<std::chrono::_V2::system_clock> >[m[K
[1.296s] [01m[K/home/lee/workspace/ros2_ex/src/sensor/src/topic_tool.cpp:[m[K In member function â€˜[01m[Kvoid MocapNode::run()[m[Kâ€™:
[1.296s] [01m[K/home/lee/workspace/ros2_ex/src/sensor/src/topic_tool.cpp:45:31:[m[K [01;31m[Kerror: [m[Kâ€˜[01m[Kclass MocapNode[m[Kâ€™ has no member named â€˜[01m[Kget_shared_ptr[m[Kâ€™
[1.296s]    45 |       rclcpp::spin_some(this->[01;31m[Kget_shared_ptr[m[K());
[1.297s]       |                               [01;31m[K^~~~~~~~~~~~~~[m[K
[1.297s] [01m[K/home/lee/workspace/ros2_ex/src/sensor/src/topic_tool.cpp:46:12:[m[K [01;31m[Kerror: [m[Kbase operand of â€˜[01m[K->[m[Kâ€™ is not a pointer
[1.297s]    46 |       rate_[01;31m[K->[m[Ksleep();
[1.297s]       |            [01;31m[K^~[m[K
[1.298s] [01m[K/home/lee/workspace/ros2_ex/src/sensor/src/topic_tool.cpp:[m[K In function â€˜[01m[Kint main(int, char**)[m[Kâ€™:
[1.298s] [01m[K/home/lee/workspace/ros2_ex/src/sensor/src/topic_tool.cpp:74:3:[m[K [01;31m[Kerror: [m[Kâ€˜[01m[Krclpp[m[Kâ€™ has not been declared
[1.298s]    74 |   [01;31m[Krclpp[m[K::shutdown();
[1.298s]       |   [01;31m[K^~~~~[m[K
[2.265s] gmake[2]: *** [CMakeFiles/topic_tool.dir/build.make:76: CMakeFiles/topic_tool.dir/src/topic_tool.cpp.o] Error 1
[2.265s] gmake[1]: *** [CMakeFiles/Makefile2:137: CMakeFiles/topic_tool.dir/all] Error 2
[2.266s] gmake: *** [Makefile:146: all] Error 2
[2.268s] Invoked command in '/home/lee/workspace/ros2_ex/src/build/sensor' returned '2': CMAKE_PREFIX_PATH=/opt/ros/humble /usr/bin/cmake --build /home/lee/workspace/ros2_ex/src/build/sensor -- -j32 -l32
