[ 11%] Built target qc_servo
[ 23%] Built target gripper_controller
[ 35%] Built target wrench_mapper
[ 47%] Built target platform_topic_tool
[ 58%] Built target trajectory_generator
[ 64%] [32mBuilding CXX object CMakeFiles/keyboard_node.dir/node/keyboard_node.cpp.o[0m
[ 76%] Built target position_controller
[ 88%] Built target attitude_controller
[01m[K/home/lee/workspace/ros2_ex/src/ground/node/keyboard_node.cpp:[m[K In member function â€˜[01m[Kvoid MAV_State::Check_All_State(const Int16&)[m[Kâ€™:
[01m[K/home/lee/workspace/ros2_ex/src/ground/node/keyboard_node.cpp:68:13:[m[K [01;31m[Kerror: [m[Kâ€˜[01m[KSET_MODE[m[Kâ€™ was not declared in this scope; did you mean â€˜[01m[KSET_HOME[m[Kâ€™?
   68 |             [01;31m[KSET_MODE[m[K->publish(Mode);
      |             [01;31m[K^~~~~~~~[m[K
      |             [32m[KSET_HOME[m[K
[01m[K/home/lee/workspace/ros2_ex/src/ground/node/keyboard_node.cpp:72:13:[m[K [01;31m[Kerror: [m[Kâ€˜[01m[KSET_MODE[m[Kâ€™ was not declared in this scope; did you mean â€˜[01m[KSET_HOME[m[Kâ€™?
   72 |             [01;31m[KSET_MODE[m[K->publish(Mode);
      |             [01;31m[K^~~~~~~~[m[K
      |             [32m[KSET_HOME[m[K
[01m[K/home/lee/workspace/ros2_ex/src/ground/node/keyboard_node.cpp:76:13:[m[K [01;31m[Kerror: [m[Kâ€˜[01m[KSET_MODE[m[Kâ€™ was not declared in this scope; did you mean â€˜[01m[KSET_HOME[m[Kâ€™?
   76 |             [01;31m[KSET_MODE[m[K->publish(Mode);
      |             [01;31m[K^~~~~~~~[m[K
      |             [32m[KSET_HOME[m[K
gmake[2]: *** [CMakeFiles/keyboard_node.dir/build.make:76: CMakeFiles/keyboard_node.dir/node/keyboard_node.cpp.o] Error 1
gmake[1]: *** [CMakeFiles/Makefile2:229: CMakeFiles/keyboard_node.dir/all] Error 2
gmake: *** [Makefile:146: all] Error 2
