[0.000s] Invoking command in '/home/lee/workspace/ros2_ex/src/MAV/MAV1/build/MAV1': AMENT_PREFIX_PATH=/home/lee/workspace/ros2_ex/src/MAV/MAV1/install/px4_msgs:${AMENT_PREFIX_PATH} CMAKE_PREFIX_PATH=/home/lee/workspace/ros2_ex/src/MAV/MAV1/install/px4_msgs:/home/lee/workspace/ros2_ex/install/sensor:/home/lee/workspace/ros2_ex/install/ground:/home/lee/workspace/ros2_ex/install/px4_msgs:/opt/ros/humble LD_LIBRARY_PATH=/home/lee/workspace/ros2_ex/src/MAV/MAV1/install/px4_msgs/lib:${LD_LIBRARY_PATH} PYTHONPATH=/home/lee/workspace/ros2_ex/src/MAV/MAV1/install/px4_msgs/local/lib/python3.10/dist-packages:${PYTHONPATH} /usr/bin/cmake /home/lee/workspace/ros2_ex/src/MAV/MAV1 -DCMAKE_BUILD_TYPE=RelWithDebInfo -DAMENT_CMAKE_SYMLINK_INSTALL=1 -DCMAKE_INSTALL_PREFIX=/home/lee/workspace/ros2_ex/src/MAV/MAV1/install/MAV1
[0.001s] -- The C compiler identification is GNU 11.4.0
[0.001s] -- The CXX compiler identification is GNU 11.4.0
[0.001s] -- Detecting C compiler ABI info
[0.008s] -- Detecting C compiler ABI info - done
[0.012s] -- Check for working C compiler: /usr/bin/cc - skipped
[0.012s] -- Detecting C compile features
[0.013s] -- Detecting C compile features - done
[0.014s] -- Detecting CXX compiler ABI info
[0.058s] -- Detecting CXX compiler ABI info - done
[0.063s] -- Check for working CXX compiler: /usr/bin/c++ - skipped
[0.063s] -- Detecting CXX compile features
[0.063s] -- Detecting CXX compile features - done
[0.064s] -- Found ament_cmake: 1.3.11 (/opt/ros/humble/share/ament_cmake/cmake)
[0.238s] -- Found Python3: /usr/bin/python3 (found version "3.10.12") found components: Interpreter 
[0.269s] -- Override CMake install command with custom implementation using symlinks instead of copying resources
[0.280s] -- Found rclcpp: 16.0.12 (/opt/ros/humble/share/rclcpp/cmake)
[0.298s] -- Found rosidl_generator_c: 3.1.6 (/opt/ros/humble/share/rosidl_generator_c/cmake)
[0.300s] -- Found rosidl_adapter: 3.1.6 (/opt/ros/humble/share/rosidl_adapter/cmake)
[0.304s] -- Found rosidl_generator_cpp: 3.1.6 (/opt/ros/humble/share/rosidl_generator_cpp/cmake)
[0.309s] -- Using all available rosidl_typesupport_c: rosidl_typesupport_fastrtps_c;rosidl_typesupport_introspection_c
[0.316s] -- Using all available rosidl_typesupport_cpp: rosidl_typesupport_fastrtps_cpp;rosidl_typesupport_introspection_cpp
[0.335s] -- Found rmw_implementation_cmake: 6.1.2 (/opt/ros/humble/share/rmw_implementation_cmake/cmake)
[0.336s] -- Found rmw_fastrtps_cpp: 6.2.7 (/opt/ros/humble/share/rmw_fastrtps_cpp/cmake)
[0.383s] -- Found OpenSSL: /usr/lib/x86_64-linux-gnu/libcrypto.so (found version "3.0.2")  
[0.399s] -- Found FastRTPS: /opt/ros/humble/include  
[0.421s] -- Using RMW implementation 'rmw_fastrtps_cpp' as default
[0.426s] -- Looking for pthread.h
[0.468s] -- Looking for pthread.h - found
[0.468s] -- Performing Test CMAKE_HAVE_LIBC_PTHREAD
[0.507s] -- Performing Test CMAKE_HAVE_LIBC_PTHREAD - Success
[0.508s] -- Found Threads: TRUE  
[0.531s] -- Found geometry_msgs: 4.8.0 (/opt/ros/humble/share/geometry_msgs/cmake)
[0.540s] -- Found nav_msgs: 4.8.0 (/opt/ros/humble/share/nav_msgs/cmake)
[0.547s] -- Found tf2: 0.25.12 (/opt/ros/humble/share/tf2/cmake)
[0.552s] -- Found tf2_ros: 0.25.12 (/opt/ros/humble/share/tf2_ros/cmake)
[0.591s] -- Found px4_msgs: 2.0.1 (/home/lee/workspace/ros2_ex/src/MAV/MAV1/install/px4_msgs/share/px4_msgs/cmake)
[0.597s] -- Found ament_lint_auto: 0.12.12 (/opt/ros/humble/share/ament_lint_auto/cmake)
[0.623s] WARNING: Package name "MAV1" does not follow the naming conventions. It should start with a lower case letter and only contain lower case letters, digits, underscores, and dashes.
[0.857s] -- Added test 'cppcheck' to perform static code analysis on C / C++ code
[0.857s] -- Configured cppcheck include dirs: /home/lee/workspace/ros2_ex/src/MAV/MAV1/include
[0.857s] -- Configured cppcheck exclude dirs and/or files: 
[0.886s] -- Added test 'flake8' to check Python code syntax and style conventions
[0.941s] -- Added test 'lint_cmake' to check CMake code style
[0.970s] -- Added test 'pep257' to check Python code against some of the docstring style conventions in PEP 257
[1.197s] -- Added test 'uncrustify' to check C / C++ code style
[1.197s] -- Configured uncrustify additional arguments: 
[1.226s] -- Added test 'xmllint' to check XML markup files
[1.226s] -- Configuring done
[1.230s] -- Generating done
[1.233s] -- Build files have been written to: /home/lee/workspace/ros2_ex/src/MAV/MAV1/build/MAV1
[1.239s] Invoked command in '/home/lee/workspace/ros2_ex/src/MAV/MAV1/build/MAV1' returned '0': AMENT_PREFIX_PATH=/home/lee/workspace/ros2_ex/src/MAV/MAV1/install/px4_msgs:${AMENT_PREFIX_PATH} CMAKE_PREFIX_PATH=/home/lee/workspace/ros2_ex/src/MAV/MAV1/install/px4_msgs:/home/lee/workspace/ros2_ex/install/sensor:/home/lee/workspace/ros2_ex/install/ground:/home/lee/workspace/ros2_ex/install/px4_msgs:/opt/ros/humble LD_LIBRARY_PATH=/home/lee/workspace/ros2_ex/src/MAV/MAV1/install/px4_msgs/lib:${LD_LIBRARY_PATH} PYTHONPATH=/home/lee/workspace/ros2_ex/src/MAV/MAV1/install/px4_msgs/local/lib/python3.10/dist-packages:${PYTHONPATH} /usr/bin/cmake /home/lee/workspace/ros2_ex/src/MAV/MAV1 -DCMAKE_BUILD_TYPE=RelWithDebInfo -DAMENT_CMAKE_SYMLINK_INSTALL=1 -DCMAKE_INSTALL_PREFIX=/home/lee/workspace/ros2_ex/src/MAV/MAV1/install/MAV1
[1.239s] Invoking command in '/home/lee/workspace/ros2_ex/src/MAV/MAV1/build/MAV1': AMENT_PREFIX_PATH=/home/lee/workspace/ros2_ex/src/MAV/MAV1/install/px4_msgs:${AMENT_PREFIX_PATH} CMAKE_PREFIX_PATH=/home/lee/workspace/ros2_ex/src/MAV/MAV1/install/px4_msgs:/home/lee/workspace/ros2_ex/install/sensor:/home/lee/workspace/ros2_ex/install/ground:/home/lee/workspace/ros2_ex/install/px4_msgs:/opt/ros/humble LD_LIBRARY_PATH=/home/lee/workspace/ros2_ex/src/MAV/MAV1/install/px4_msgs/lib:${LD_LIBRARY_PATH} PYTHONPATH=/home/lee/workspace/ros2_ex/src/MAV/MAV1/install/px4_msgs/local/lib/python3.10/dist-packages:${PYTHONPATH} /usr/bin/cmake --build /home/lee/workspace/ros2_ex/src/MAV/MAV1/build/MAV1 -- -j32 -l32
[1.277s] [ 50%] [32mBuilding CXX object CMakeFiles/MAV1.dir/node/main.cpp.o[0m
[1.382s] [01m[K/home/lee/workspace/ros2_ex/src/MAV/MAV1/node/main.cpp:6:10:[m[K [01;31m[Kfatal error: [m[Kpx4_msgs/msg/vehicle_status.hpp: No such file or directory
[1.382s]     6 | #include [01;31m[K<px4_msgs/msg/vehicle_status.hpp>[m[K
[1.382s]       |          [01;31m[K^~~~~~~~~~~~~~~~~~~~~~~~~~~~~~~~~[m[K
[1.382s] compilation terminated.
[1.383s] gmake[2]: *** [CMakeFiles/MAV1.dir/build.make:76: CMakeFiles/MAV1.dir/node/main.cpp.o] Error 1
[1.384s] gmake[1]: *** [CMakeFiles/Makefile2:137: CMakeFiles/MAV1.dir/all] Error 2
[1.384s] gmake: *** [Makefile:146: all] Error 2
[1.385s] Invoked command in '/home/lee/workspace/ros2_ex/src/MAV/MAV1/build/MAV1' returned '2': AMENT_PREFIX_PATH=/home/lee/workspace/ros2_ex/src/MAV/MAV1/install/px4_msgs:${AMENT_PREFIX_PATH} CMAKE_PREFIX_PATH=/home/lee/workspace/ros2_ex/src/MAV/MAV1/install/px4_msgs:/home/lee/workspace/ros2_ex/install/sensor:/home/lee/workspace/ros2_ex/install/ground:/home/lee/workspace/ros2_ex/install/px4_msgs:/opt/ros/humble LD_LIBRARY_PATH=/home/lee/workspace/ros2_ex/src/MAV/MAV1/install/px4_msgs/lib:${LD_LIBRARY_PATH} PYTHONPATH=/home/lee/workspace/ros2_ex/src/MAV/MAV1/install/px4_msgs/local/lib/python3.10/dist-packages:${PYTHONPATH} /usr/bin/cmake --build /home/lee/workspace/ros2_ex/src/MAV/MAV1/build/MAV1 -- -j32 -l32
