[35m[1mConsolidate compiler generated dependencies of target platform_topic_tool[0m
[ 11%] Built target trajectory_generator
[ 23%] Built target position_controller
[ 41%] Built target keyboard_node
[ 52%] Built target wrench_mapper
[ 64%] Built target gripper_controller
[ 76%] Built target attitude_controller
[ 88%] Built target qc_servo
[ 94%] [32mBuilding CXX object CMakeFiles/platform_topic_tool.dir/src/platform_topic_tool.cpp.o[0m
[01m[K/home/lee/workspace/ros2_ex/src/ground/src/platform_topic_tool.cpp:[m[K In member function â€˜[01m[Kvoid PositionAttitudeVelocityConverterNode::position_callback(px4_msgs::msg::VehicleLocalPosition_<std::allocator<void> >::SharedPtr)[m[Kâ€™:
[01m[K/home/lee/workspace/ros2_ex/src/ground/src/platform_topic_tool.cpp:70:1:[m[K [01;31m[Kerror: [m[Kâ€˜[01m[KNorth[m[Kâ€™ was not declared in this scope
   70 | [01;31m[KNorth[m[K), y (East), z (Down)
      | [01;31m[K^~~~~[m[K
gmake[2]: *** [CMakeFiles/platform_topic_tool.dir/build.make:76: CMakeFiles/platform_topic_tool.dir/src/platform_topic_tool.cpp.o] Error 1
gmake[1]: *** [CMakeFiles/Makefile2:333: CMakeFiles/platform_topic_tool.dir/all] Error 2
gmake: *** [Makefile:146: all] Error 2
