[0.000s] Invoking command in '/home/lee/workspace/ros2_ex/build/ground': CMAKE_PREFIX_PATH=/home/lee/workspace/ros2_ex/install/px4_msgs:/home/lee/workspace/ros2_ex/install/sensor:/home/lee/workspace/ros2_ex/install/ground:/home/lee/workspace/ros2_ex/install/MAV1:/home/lee/workspace/vrpn/install/vrpn_mocap:/home/lee/workspace/vrpn/install/mocap_px4_bridge:/home/lee/workspace/vrpn/install/px4_msgs:/home/lee/workspace/vrpn/install/mocap_optitrack:/opt/ros/humble /usr/bin/cmake /home/lee/workspace/ros2_ex/src/ground -DCMAKE_BUILD_TYPE=RelWithDebInfo -DAMENT_CMAKE_SYMLINK_INSTALL=1 -DCMAKE_INSTALL_PREFIX=/home/lee/workspace/ros2_ex/install/ground
[0.001s] -- Found ament_cmake: 1.3.11 (/opt/ros/humble/share/ament_cmake/cmake)
[0.001s] -- Override CMake install command with custom implementation using symlinks instead of copying resources
[0.003s] -- Found rclcpp: 16.0.12 (/opt/ros/humble/share/rclcpp/cmake)
[0.018s] -- Found rosidl_generator_c: 3.1.6 (/opt/ros/humble/share/rosidl_generator_c/cmake)
[0.019s] -- Found rosidl_adapter: 3.1.6 (/opt/ros/humble/share/rosidl_adapter/cmake)
[0.021s] -- Found rosidl_generator_cpp: 3.1.6 (/opt/ros/humble/share/rosidl_generator_cpp/cmake)
[0.026s] -- Using all available rosidl_typesupport_c: rosidl_typesupport_fastrtps_c;rosidl_typesupport_introspection_c
[0.031s] -- Using all available rosidl_typesupport_cpp: rosidl_typesupport_fastrtps_cpp;rosidl_typesupport_introspection_cpp
[0.046s] -- Found rmw_implementation_cmake: 6.1.2 (/opt/ros/humble/share/rmw_implementation_cmake/cmake)
[0.047s] -- Found rmw_fastrtps_cpp: 6.2.7 (/opt/ros/humble/share/rmw_fastrtps_cpp/cmake)
[0.104s] -- Using RMW implementation 'rmw_fastrtps_cpp' as default
[0.125s] -- Found geometry_msgs: 4.9.0 (/opt/ros/humble/share/geometry_msgs/cmake)
[0.131s] -- Found nav_msgs: 4.9.0 (/opt/ros/humble/share/nav_msgs/cmake)
[0.138s] -- Found tf2: 0.25.13 (/opt/ros/humble/share/tf2/cmake)
[0.140s] -- Found tf2_ros: 0.25.13 (/opt/ros/humble/share/tf2_ros/cmake)
[0.174s] -- Found px4_msgs: 2.0.1 (/home/lee/workspace/ros2_ex/install/px4_msgs/share/px4_msgs/cmake)
[0.187s] -- Found ament_lint_auto: 0.12.12 (/opt/ros/humble/share/ament_lint_auto/cmake)
[0.218s] -- Added test 'cppcheck' to perform static code analysis on C / C++ code
[0.218s] -- Configured cppcheck include dirs: /home/lee/workspace/ros2_ex/src/ground/include;$<BUILD_INTERFACE:/home/lee/workspace/ros2_ex/src/ground/include>
[0.219s] -- Configured cppcheck exclude dirs and/or files: 
[0.219s] -- Added test 'lint_cmake' to check CMake code style
[0.219s] -- Added test 'uncrustify' to check C / C++ code style
[0.219s] -- Configured uncrustify additional arguments: 
[0.219s] -- Added test 'xmllint' to check XML markup files
[0.220s] -- Configuring done
[0.233s] -- Generating done
[0.237s] -- Build files have been written to: /home/lee/workspace/ros2_ex/build/ground
[0.242s] Invoked command in '/home/lee/workspace/ros2_ex/build/ground' returned '0': CMAKE_PREFIX_PATH=/home/lee/workspace/ros2_ex/install/px4_msgs:/home/lee/workspace/ros2_ex/install/sensor:/home/lee/workspace/ros2_ex/install/ground:/home/lee/workspace/ros2_ex/install/MAV1:/home/lee/workspace/vrpn/install/vrpn_mocap:/home/lee/workspace/vrpn/install/mocap_px4_bridge:/home/lee/workspace/vrpn/install/px4_msgs:/home/lee/workspace/vrpn/install/mocap_optitrack:/opt/ros/humble /usr/bin/cmake /home/lee/workspace/ros2_ex/src/ground -DCMAKE_BUILD_TYPE=RelWithDebInfo -DAMENT_CMAKE_SYMLINK_INSTALL=1 -DCMAKE_INSTALL_PREFIX=/home/lee/workspace/ros2_ex/install/ground
[0.243s] Invoking command in '/home/lee/workspace/ros2_ex/build/ground': CMAKE_PREFIX_PATH=/home/lee/workspace/ros2_ex/install/px4_msgs:/home/lee/workspace/ros2_ex/install/sensor:/home/lee/workspace/ros2_ex/install/ground:/home/lee/workspace/ros2_ex/install/MAV1:/home/lee/workspace/vrpn/install/vrpn_mocap:/home/lee/workspace/vrpn/install/mocap_px4_bridge:/home/lee/workspace/vrpn/install/px4_msgs:/home/lee/workspace/vrpn/install/mocap_optitrack:/opt/ros/humble /usr/bin/cmake --build /home/lee/workspace/ros2_ex/build/ground -- -j32 -l32
[0.268s] [35m[1mConsolidate compiler generated dependencies of target gripper_controller[0m
[0.268s] [35m[1mConsolidate compiler generated dependencies of target trajectory_generator[0m
[0.269s] [35m[1mConsolidate compiler generated dependencies of target attitude_controller[0m
[0.269s] [35m[1mConsolidate compiler generated dependencies of target keyboard_node[0m
[0.269s] [35m[1mConsolidate compiler generated dependencies of target position_controller[0m
[0.269s] [35m[1mConsolidate compiler generated dependencies of target platform_topic_tool[0m
[0.270s] [35m[1mConsolidate compiler generated dependencies of target qc_servo[0m
[0.270s] [35m[1mConsolidate compiler generated dependencies of target wrench_mapper[0m
[0.278s] [ 11%] Built target gripper_controller
[0.279s] [ 17%] [32mBuilding CXX object CMakeFiles/trajectory_generator.dir/node/trajectory_generator.cpp.o[0m
[0.280s] [ 23%] [32mBuilding CXX object CMakeFiles/keyboard_node.dir/node/keyboard_node.cpp.o[0m
[0.280s] [ 29%] [32mBuilding CXX object CMakeFiles/platform_topic_tool.dir/src/platform_topic_tool.cpp.o[0m
[0.281s] [ 41%] Built target position_controller
[0.281s] [ 52%] Built target attitude_controller
[0.282s] [ 64%] Built target qc_servo
[0.283s] [ 76%] Built target wrench_mapper
[1.372s] [01m[K/home/lee/workspace/ros2_ex/src/ground/node/keyboard_node.cpp:[m[K In function â€˜[01m[Kint main(int, char**)[m[Kâ€™:
[1.372s] [01m[K/home/lee/workspace/ros2_ex/src/ground/node/keyboard_node.cpp:98:9:[m[K [01;35m[Kwarning: [m[Kvariable â€˜[01m[Kc_prev[m[Kâ€™ set but not used [[01;35m[K]8;;https://gcc.gnu.org/onlinedocs/gcc/Warning-Options.html#index-Wunused-but-set-variable-Wunused-but-set-variable]8;;[m[K]
[1.372s]    98 |     int [01;35m[Kc_prev[m[K = EOF;
[1.372s]       |         [01;35m[K^~~~~~[m[K
[1.774s] [01m[K/home/lee/workspace/ros2_ex/src/ground/src/platform_topic_tool.cpp:[m[K In constructor â€˜[01m[KPositionAttitudeVelocityConverterNode::PositionAttitudeVelocityConverterNode()[m[Kâ€™:
[1.774s] [01m[K/home/lee/workspace/ros2_ex/src/ground/src/platform_topic_tool.cpp:57:9:[m[K [01;31m[Kerror: [m[Kâ€˜[01m[Klatest_velocity_[m[Kâ€™ was not declared in this scope
[1.774s]    57 |         [01;31m[Klatest_velocity_[m[K.vx = latest_velocity_.vy = latest_velocity_.vz = 0.0;
[1.774s]       |         [01;31m[K^~~~~~~~~~~~~~~~[m[K
[3.745s] gmake[2]: *** [CMakeFiles/platform_topic_tool.dir/build.make:76: CMakeFiles/platform_topic_tool.dir/src/platform_topic_tool.cpp.o] Error 1
[3.745s] gmake[1]: *** [CMakeFiles/Makefile2:333: CMakeFiles/platform_topic_tool.dir/all] Error 2
[3.745s] gmake[1]: *** Waiting for unfinished jobs....
[7.109s] [ 82%] [32m[1mLinking CXX executable keyboard_node[0m
[7.276s] [ 88%] Built target keyboard_node
[9.651s] [ 94%] [32m[1mLinking CXX executable trajectory_generator[0m
[9.809s] [ 94%] Built target trajectory_generator
[9.810s] gmake: *** [Makefile:146: all] Error 2
