[35m[1mConsolidate compiler generated dependencies of target MAV1[0m
[ 50%] [32mBuilding CXX object CMakeFiles/MAV1.dir/node/main.cpp.o[0m
[01m[K/home/lee/workspace/ros2_ex/src/MAV/MAV1/node/main.cpp:[m[K In member function â€˜[01m[Kvoid MAVControl_Node::set_offboard_mode()[m[Kâ€™:
[01m[K/home/lee/workspace/ros2_ex/src/MAV/MAV1/node/main.cpp:208:27:[m[K [01;31m[Kerror: [m[Kâ€˜[01m[Kusing element_type = struct px4_msgs::srv::VehicleCommand_Response_<std::allocator<void> >[m[Kâ€™ {aka â€˜[01m[Kstruct px4_msgs::srv::VehicleCommand_Response_<std::allocator<void> >[m[Kâ€™} has no member named â€˜[01m[Kresult[m[Kâ€™
  208 |         if (result.get()->[01;31m[Kresult[m[K == px4_msgs::srv::VehicleCommand::Response::RESULT_SUCCESS) {
      |                           [01;31m[K^~~~~~[m[K
[01m[K/home/lee/workspace/ros2_ex/src/MAV/MAV1/node/main.cpp:208:78:[m[K [01;31m[Kerror: [m[Kâ€˜[01m[KRESULT_SUCCESS[m[Kâ€™ is not a member of â€˜[01m[Kpx4_msgs::srv::VehicleCommand::Response[m[Kâ€™ {aka â€˜[01m[Kpx4_msgs::srv::VehicleCommand_Response_<std::allocator<void> >[m[Kâ€™}
  208 |         if (result.get()->result == px4_msgs::srv::VehicleCommand::Response::[01;31m[KRESULT_SUCCESS[m[K) {
      |                                                                              [01;31m[K^~~~~~~~~~~~~~[m[K
[01m[K/home/lee/workspace/ros2_ex/src/MAV/MAV1/node/main.cpp:[m[K In member function â€˜[01m[Kvoid MAVControl_Node::arm_vehicle()[m[Kâ€™:
[01m[K/home/lee/workspace/ros2_ex/src/MAV/MAV1/node/main.cpp:230:27:[m[K [01;31m[Kerror: [m[Kâ€˜[01m[Kusing element_type = struct px4_msgs::srv::VehicleCommand_Response_<std::allocator<void> >[m[Kâ€™ {aka â€˜[01m[Kstruct px4_msgs::srv::VehicleCommand_Response_<std::allocator<void> >[m[Kâ€™} has no member named â€˜[01m[Kresult[m[Kâ€™
  230 |         if (result.get()->[01;31m[Kresult[m[K == px4_msgs::srv::VehicleCommand::Response::RESULT_SUCCESS) {
      |                           [01;31m[K^~~~~~[m[K
[01m[K/home/lee/workspace/ros2_ex/src/MAV/MAV1/node/main.cpp:230:78:[m[K [01;31m[Kerror: [m[Kâ€˜[01m[KRESULT_SUCCESS[m[Kâ€™ is not a member of â€˜[01m[Kpx4_msgs::srv::VehicleCommand::Response[m[Kâ€™ {aka â€˜[01m[Kpx4_msgs::srv::VehicleCommand_Response_<std::allocator<void> >[m[Kâ€™}
  230 |         if (result.get()->result == px4_msgs::srv::VehicleCommand::Response::[01;31m[KRESULT_SUCCESS[m[K) {
      |                                                                              [01;31m[K^~~~~~~~~~~~~~[m[K
gmake[2]: *** [CMakeFiles/MAV1.dir/build.make:76: CMakeFiles/MAV1.dir/node/main.cpp.o] Error 1
gmake[1]: *** [CMakeFiles/Makefile2:137: CMakeFiles/MAV1.dir/all] Error 2
gmake: *** [Makefile:146: all] Error 2
