[01m[K/home/lee/workspace/ros2_ex/src/MAV/MAV1/node/main.cpp:[m[K In member function â€˜[01m[Kvoid MAVControl_Node::arm()[m[Kâ€™:
[01m[K/home/lee/workspace/ros2_ex/src/MAV/MAV1/node/main.cpp:201:36:[m[K [01;31m[Kerror: [m[Kno matching function for call to â€˜[01m[KMAVControl_Node::publish_vehicle_command(const uint16_t&, double)[m[Kâ€™
  201 |             [01;31m[Kpublish_vehicle_command(px4_msgs::msg::VehicleCommand::VEHICLE_CMD_COMPONENT_ARM_DISARM, 1.0)[m[K;
      |             [01;31m[K~~~~~~~~~~~~~~~~~~~~~~~^~~~~~~~~~~~~~~~~~~~~~~~~~~~~~~~~~~~~~~~~~~~~~~~~~~~~~~~~~~~~~~~~~~~~~[m[K
[01m[K/home/lee/workspace/ros2_ex/src/MAV/MAV1/node/main.cpp:171:10:[m[K [01;36m[Knote: [m[Kcandidate: â€˜[01m[Kvoid MAVControl_Node::publish_vehicle_command(uint16_t, float, float)[m[Kâ€™
  171 |     void [01;36m[Kpublish_vehicle_command[m[K(uint16_t command, float param1, float param2)
      |          [01;36m[K^~~~~~~~~~~~~~~~~~~~~~~[m[K
[01m[K/home/lee/workspace/ros2_ex/src/MAV/MAV1/node/main.cpp:171:10:[m[K [01;36m[Knote: [m[K  candidate expects 3 arguments, 2 provided
gmake[2]: *** [CMakeFiles/MAV1.dir/build.make:76: CMakeFiles/MAV1.dir/node/main.cpp.o] Error 1
gmake[1]: *** [CMakeFiles/Makefile2:137: CMakeFiles/MAV1.dir/all] Error 2
gmake: *** [Makefile:146: all] Error 2
