[0.000s] Invoking command in '/home/lee/workspace/ros2_ex/build/MAV1': CMAKE_PREFIX_PATH=/home/lee/workspace/ros2_ex/install/px4_msgs:/home/lee/workspace/ros2_ex/install/sensor:/home/lee/workspace/ros2_ex/install/ground:/home/lee/workspace/ros2_ex/install/MAV1:/home/lee/workspace/vrpn/install/vrpn_mocap:/home/lee/workspace/vrpn/install/mocap_px4_bridge:/home/lee/workspace/vrpn/install/px4_msgs:/home/lee/workspace/vrpn/install/mocap_optitrack:/opt/ros/humble /usr/bin/cmake --build /home/lee/workspace/ros2_ex/build/MAV1 -- -j32 -l32
[0.001s] [35m[1mConsolidate compiler generated dependencies of target MAV1[0m
[0.002s] [ 50%] [32mBuilding CXX object CMakeFiles/MAV1.dir/node/main.cpp.o[0m
[1.383s] [01m[K/home/lee/workspace/ros2_ex/src/MAV/MAV1/node/main.cpp:[m[K In member function â€˜[01m[Kvoid MAVControl_Node::arm()[m[Kâ€™:
[1.383s] [01m[K/home/lee/workspace/ros2_ex/src/MAV/MAV1/node/main.cpp:201:36:[m[K [01;31m[Kerror: [m[Kno matching function for call to â€˜[01m[KMAVControl_Node::publish_vehicle_command(const uint16_t&, double)[m[Kâ€™
[1.383s]   201 |             [01;31m[Kpublish_vehicle_command(px4_msgs::msg::VehicleCommand::VEHICLE_CMD_COMPONENT_ARM_DISARM, 1.0)[m[K;
[1.383s]       |             [01;31m[K~~~~~~~~~~~~~~~~~~~~~~~^~~~~~~~~~~~~~~~~~~~~~~~~~~~~~~~~~~~~~~~~~~~~~~~~~~~~~~~~~~~~~~~~~~~~~[m[K
[1.383s] [01m[K/home/lee/workspace/ros2_ex/src/MAV/MAV1/node/main.cpp:171:10:[m[K [01;36m[Knote: [m[Kcandidate: â€˜[01m[Kvoid MAVControl_Node::publish_vehicle_command(uint16_t, float, float)[m[Kâ€™
[1.383s]   171 |     void [01;36m[Kpublish_vehicle_command[m[K(uint16_t command, float param1, float param2)
[1.383s]       |          [01;36m[K^~~~~~~~~~~~~~~~~~~~~~~[m[K
[1.383s] [01m[K/home/lee/workspace/ros2_ex/src/MAV/MAV1/node/main.cpp:171:10:[m[K [01;36m[Knote: [m[K  candidate expects 3 arguments, 2 provided
[3.439s] gmake[2]: *** [CMakeFiles/MAV1.dir/build.make:76: CMakeFiles/MAV1.dir/node/main.cpp.o] Error 1
[3.439s] gmake[1]: *** [CMakeFiles/Makefile2:137: CMakeFiles/MAV1.dir/all] Error 2
[3.440s] gmake: *** [Makefile:146: all] Error 2
[3.441s] Invoked command in '/home/lee/workspace/ros2_ex/build/MAV1' returned '2': CMAKE_PREFIX_PATH=/home/lee/workspace/ros2_ex/install/px4_msgs:/home/lee/workspace/ros2_ex/install/sensor:/home/lee/workspace/ros2_ex/install/ground:/home/lee/workspace/ros2_ex/install/MAV1:/home/lee/workspace/vrpn/install/vrpn_mocap:/home/lee/workspace/vrpn/install/mocap_px4_bridge:/home/lee/workspace/vrpn/install/px4_msgs:/home/lee/workspace/vrpn/install/mocap_optitrack:/opt/ros/humble /usr/bin/cmake --build /home/lee/workspace/ros2_ex/build/MAV1 -- -j32 -l32
