[01m[K/home/lee/workspace/ros2_ex/src/ground/src/platform_topic_tool.cpp:[m[K In constructor â€˜[01m[KPositionAttitudeVelocityConverterNode::PositionAttitudeVelocityConverterNode()[m[Kâ€™:
[01m[K/home/lee/workspace/ros2_ex/src/ground/src/platform_topic_tool.cpp:57:9:[m[K [01;31m[Kerror: [m[Kâ€˜[01m[Klatest_velocity_[m[Kâ€™ was not declared in this scope
   57 |         [01;31m[Klatest_velocity_[m[K.vx = latest_velocity_.vy = latest_velocity_.vz = 0.0;
      |         [01;31m[K^~~~~~~~~~~~~~~~[m[K
gmake[2]: *** [CMakeFiles/platform_topic_tool.dir/build.make:76: CMakeFiles/platform_topic_tool.dir/src/platform_topic_tool.cpp.o] Error 1
gmake[1]: *** [CMakeFiles/Makefile2:333: CMakeFiles/platform_topic_tool.dir/all] Error 2
gmake: *** [Makefile:146: all] Error 2
