[0.001s] Invoking command in '/home/lee/workspace/ros2_ex/build/ground': CMAKE_PREFIX_PATH=/home/lee/workspace/ros2_ex/install/px4_msgs:/home/lee/workspace/ros2_ex/install/sensor:/home/lee/workspace/ros2_ex/install/ground:/home/lee/workspace/ros2_ex/install/MAV1:/home/lee/workspace/vrpn/install/vrpn_mocap:/home/lee/workspace/vrpn/install/mocap_px4_bridge:/home/lee/workspace/vrpn/install/px4_msgs:/home/lee/workspace/vrpn/install/mocap_optitrack:/opt/ros/humble /usr/bin/cmake --build /home/lee/workspace/ros2_ex/build/ground -- -j32 -l32
[0.001s] [35m[1mConsolidate compiler generated dependencies of target trajectory_generator[0m
[0.001s] [35m[1mConsolidate compiler generated dependencies of target keyboard_node[0m
[0.001s] [35m[1mConsolidate compiler generated dependencies of target platform_topic_tool[0m
[0.001s] [ 11%] Built target attitude_controller
[0.001s] [ 47%] Built target gripper_controller
[0.001s] [ 47%] Built target position_controller
[0.001s] [ 52%] Built target wrench_mapper
[0.002s] [ 58%] Built target trajectory_generator
[0.002s] [ 70%] Built target qc_servo
[0.002s] [ 82%] [32mBuilding CXX object CMakeFiles/platform_topic_tool.dir/src/platform_topic_tool.cpp.o[0m
[0.002s] [ 94%] Built target keyboard_node
[1.426s] [01m[K/home/lee/workspace/ros2_ex/src/ground/src/platform_topic_tool.cpp:[m[K In constructor â€˜[01m[KPositionAttitudeVelocityConverterNode::PositionAttitudeVelocityConverterNode()[m[Kâ€™:
[1.426s] [01m[K/home/lee/workspace/ros2_ex/src/ground/src/platform_topic_tool.cpp:57:9:[m[K [01;31m[Kerror: [m[Kâ€˜[01m[Klatest_velocity_[m[Kâ€™ was not declared in this scope
[1.426s]    57 |         [01;31m[Klatest_velocity_[m[K.vx = latest_velocity_.vy = latest_velocity_.vz = 0.0;
[1.426s]       |         [01;31m[K^~~~~~~~~~~~~~~~[m[K
[3.388s] gmake[2]: *** [CMakeFiles/platform_topic_tool.dir/build.make:76: CMakeFiles/platform_topic_tool.dir/src/platform_topic_tool.cpp.o] Error 1
[3.388s] gmake[1]: *** [CMakeFiles/Makefile2:333: CMakeFiles/platform_topic_tool.dir/all] Error 2
[3.388s] gmake: *** [Makefile:146: all] Error 2
