[0.005s] Invoking command in '/home/lee/workspace/ros2_ex/build/MAV1': AMENT_PREFIX_PATH=/home/lee/workspace/ros2_ex/install/px4_msgs:${AMENT_PREFIX_PATH} CMAKE_PREFIX_PATH=/home/lee/workspace/ros2_ex/install/px4_msgs:/opt/ros/humble LD_LIBRARY_PATH=/home/lee/workspace/ros2_ex/install/px4_msgs/lib:${LD_LIBRARY_PATH} PYTHONPATH=/home/lee/workspace/ros2_ex/install/px4_msgs/local/lib/python3.10/dist-packages:${PYTHONPATH} /usr/bin/cmake --build /home/lee/workspace/ros2_ex/build/MAV1 -- -j32 -l32
[0.041s] [ 50%] [32mBuilding CXX object CMakeFiles/MAV1.dir/node/main.cpp.o[0m
[1.291s] [01m[K/home/lee/workspace/ros2_ex/src/MAV/MAV1/node/main.cpp:[m[K In member function â€˜[01m[Kvoid MAVControl_Node::set_offboard_mode()[m[Kâ€™:
[1.291s] [01m[K/home/lee/workspace/ros2_ex/src/MAV/MAV1/node/main.cpp:208:27:[m[K [01;31m[Kerror: [m[Kâ€˜[01m[Kusing element_type = struct px4_msgs::srv::VehicleCommand_Response_<std::allocator<void> >[m[Kâ€™ {aka â€˜[01m[Kstruct px4_msgs::srv::VehicleCommand_Response_<std::allocator<void> >[m[Kâ€™} has no member named â€˜[01m[Kresult[m[Kâ€™
[1.291s]   208 |         if (result.get()->[01;31m[Kresult[m[K) {
[1.291s]       |                           [01;31m[K^~~~~~[m[K
[1.292s] [01m[K/home/lee/workspace/ros2_ex/src/MAV/MAV1/node/main.cpp:[m[K In member function â€˜[01m[Kvoid MAVControl_Node::arm_vehicle()[m[Kâ€™:
[1.292s] [01m[K/home/lee/workspace/ros2_ex/src/MAV/MAV1/node/main.cpp:230:27:[m[K [01;31m[Kerror: [m[Kâ€˜[01m[Kusing element_type = struct px4_msgs::srv::VehicleCommand_Response_<std::allocator<void> >[m[Kâ€™ {aka â€˜[01m[Kstruct px4_msgs::srv::VehicleCommand_Response_<std::allocator<void> >[m[Kâ€™} has no member named â€˜[01m[Kresult[m[Kâ€™
[1.292s]   230 |         if (result.get()->[01;31m[Kresult[m[K) {
[1.292s]       |                           [01;31m[K^~~~~~[m[K
[3.926s] gmake[2]: *** [CMakeFiles/MAV1.dir/build.make:76: CMakeFiles/MAV1.dir/node/main.cpp.o] Error 1
[3.926s] gmake[1]: *** [CMakeFiles/Makefile2:137: CMakeFiles/MAV1.dir/all] Error 2
[3.926s] gmake: *** [Makefile:146: all] Error 2
[3.928s] Invoked command in '/home/lee/workspace/ros2_ex/build/MAV1' returned '2': AMENT_PREFIX_PATH=/home/lee/workspace/ros2_ex/install/px4_msgs:${AMENT_PREFIX_PATH} CMAKE_PREFIX_PATH=/home/lee/workspace/ros2_ex/install/px4_msgs:/opt/ros/humble LD_LIBRARY_PATH=/home/lee/workspace/ros2_ex/install/px4_msgs/lib:${LD_LIBRARY_PATH} PYTHONPATH=/home/lee/workspace/ros2_ex/install/px4_msgs/local/lib/python3.10/dist-packages:${PYTHONPATH} /usr/bin/cmake --build /home/lee/workspace/ros2_ex/build/MAV1 -- -j32 -l32
