[0.006s] Invoking command in '/home/lee/workspace/ros2_ex/src/build/sensor': CMAKE_PREFIX_PATH=/opt/ros/humble /usr/bin/cmake --build /home/lee/workspace/ros2_ex/src/build/sensor -- -j32 -l32
[0.028s] [35m[1mConsolidate compiler generated dependencies of target topic_tool[0m
[0.037s] [ 50%] [32mBuilding CXX object CMakeFiles/topic_tool.dir/src/topic_tool.cpp.o[0m
[1.011s] [01m[K/home/lee/workspace/ros2_ex/src/sensor/src/topic_tool.cpp:[m[K In member function â€˜[01m[Kvoid MocapNode::run()[m[Kâ€™:
[1.011s] [01m[K/home/lee/workspace/ros2_ex/src/sensor/src/topic_tool.cpp:45:31:[m[K [01;31m[Kerror: [m[Kâ€˜[01m[Kclass MocapNode[m[Kâ€™ has no member named â€˜[01m[Kget_shared_ptr[m[Kâ€™
[1.011s]    45 |       rclcpp::spin_some(this->[01;31m[Kget_shared_ptr[m[K());
[1.011s]       |                               [01;31m[K^~~~~~~~~~~~~~[m[K
[2.026s] gmake[2]: *** [CMakeFiles/topic_tool.dir/build.make:76: CMakeFiles/topic_tool.dir/src/topic_tool.cpp.o] Error 1
[2.026s] gmake[1]: *** [CMakeFiles/Makefile2:137: CMakeFiles/topic_tool.dir/all] Error 2
[2.027s] gmake: *** [Makefile:146: all] Error 2
[2.028s] Invoked command in '/home/lee/workspace/ros2_ex/src/build/sensor' returned '2': CMAKE_PREFIX_PATH=/opt/ros/humble /usr/bin/cmake --build /home/lee/workspace/ros2_ex/src/build/sensor -- -j32 -l32
